{"/home/travis/build/npmtest/node-npmtest-owlcarousel/test.js":{"path":"/home/travis/build/npmtest/node-npmtest-owlcarousel/test.js","s":{"1":2,"2":2,"3":2,"4":2,"5":2,"6":2,"7":2,"8":1,"9":2,"10":2,"11":1,"12":1,"13":1,"14":1,"15":2,"16":2,"17":2,"18":2,"19":1,"20":1,"21":2,"22":2,"23":2,"24":1,"25":1,"26":1,"27":1,"28":1,"29":1,"30":1,"31":1,"32":1,"33":1,"34":1,"35":1,"36":1,"37":1,"38":1,"39":2,"40":2,"41":1,"42":2,"43":2,"44":1,"45":2,"46":2,"47":1,"48":2,"49":2,"50":1,"51":1,"52":1,"53":1,"54":1},"b":{"1":[2,1,1,1],"2":[1,1,1,1],"3":[1,1],"4":[1,1],"5":[1,1],"6":[1,1],"7":[1,1],"8":[1,1],"9":[1,1],"10":[1,1,1],"11":[1,1],"12":[1,1],"13":[1,1],"14":[1,1],"15":[1,1],"16":[1,1],"17":[1,1]},"f":{"1":2,"2":2,"3":2,"4":2,"5":2,"6":1,"7":1,"8":1,"9":2,"10":2,"11":2,"12":2,"13":1},"fnMap":{"1":{"name":"(anonymous_1)","line":12,"loc":{"start":{"line":12,"column":1},"end":{"line":12,"column":13}}},"2":{"name":"(anonymous_2)","line":19,"loc":{"start":{"line":19,"column":5},"end":{"line":19,"column":17}}},"3":{"name":"(anonymous_3)","line":23,"loc":{"start":{"line":23,"column":24},"end":{"line":23,"column":36}}},"4":{"name":"(anonymous_4)","line":61,"loc":{"start":{"line":61,"column":5},"end":{"line":61,"column":17}}},"5":{"name":"(anonymous_5)","line":82,"loc":{"start":{"line":82,"column":5},"end":{"line":82,"column":17}}},"6":{"name":"(anonymous_6)","line":91,"loc":{"start":{"line":91,"column":77},"end":{"line":94,"column":10}}},"7":{"name":"(anonymous_7)","line":112,"loc":{"start":{"line":112,"column":83},"end":{"line":115,"column":10}},"skip":true},"8":{"name":"(anonymous_8)","line":123,"loc":{"start":{"line":123,"column":77},"end":{"line":126,"column":10}},"skip":true},"9":{"name":"(anonymous_9)","line":139,"loc":{"start":{"line":139,"column":12},"end":{"line":139,"column":40}},"skip":true},"10":{"name":"(anonymous_10)","line":147,"loc":{"start":{"line":147,"column":77},"end":{"line":150,"column":10}},"skip":true},"11":{"name":"(anonymous_11)","line":158,"loc":{"start":{"line":158,"column":83},"end":{"line":161,"column":10}},"skip":true},"12":{"name":"(anonymous_12)","line":169,"loc":{"start":{"line":169,"column":79},"end":{"line":172,"column":10}},"skip":true},"13":{"name":"(anonymous_13)","line":180,"loc":{"start":{"line":180,"column":75},"end":{"line":183,"column":10}},"skip":true}},"statementMap":{"1":{"start":{"line":12,"column":0},"end":{"line":195,"column":5}},"2":{"start":{"line":14,"column":4},"end":{"line":14,"column":14}},"3":{"start":{"line":19,"column":4},"end":{"line":56,"column":9}},"4":{"start":{"line":21,"column":8},"end":{"line":21,"column":19}},"5":{"start":{"line":23,"column":8},"end":{"line":35,"column":13}},"6":{"start":{"line":24,"column":12},"end":{"line":34,"column":13}},"7":{"start":{"line":25,"column":16},"end":{"line":28,"column":30}},"8":{"start":{"line":30,"column":16},"end":{"line":33,"column":27}},"9":{"start":{"line":37,"column":8},"end":{"line":39,"column":21}},"10":{"start":{"line":40,"column":8},"end":{"line":53,"column":9}},"11":{"start":{"line":43,"column":12},"end":{"line":46,"column":14}},"12":{"start":{"line":47,"column":12},"end":{"line":47,"column":18}},"13":{"start":{"line":50,"column":12},"end":{"line":51,"column":33}},"14":{"start":{"line":52,"column":12},"end":{"line":52,"column":18}},"15":{"start":{"line":55,"column":8},"end":{"line":55,"column":35}},"16":{"start":{"line":61,"column":4},"end":{"line":63,"column":9}},"17":{"start":{"line":62,"column":8},"end":{"line":62,"column":15}},"18":{"start":{"line":64,"column":4},"end":{"line":77,"column":5}},"19":{"start":{"line":70,"column":8},"end":{"line":70,"column":14}},"20":{"start":{"line":76,"column":8},"end":{"line":76,"column":14}},"21":{"start":{"line":82,"column":4},"end":{"line":84,"column":9}},"22":{"start":{"line":83,"column":8},"end":{"line":83,"column":15}},"23":{"start":{"line":85,"column":4},"end":{"line":194,"column":5}},"24":{"start":{"line":91,"column":8},"end":{"line":99,"column":10}},"25":{"start":{"line":98,"column":12},"end":{"line":98,"column":35}},"26":{"start":{"line":102,"column":8},"end":{"line":104,"column":63}},"27":{"start":{"line":105,"column":8},"end":{"line":105,"column":14}},"28":{"start":{"line":112,"column":8},"end":{"line":121,"column":10},"skip":true},"29":{"start":{"line":119,"column":12},"end":{"line":119,"column":55},"skip":true},"30":{"start":{"line":120,"column":12},"end":{"line":120,"column":48},"skip":true},"31":{"start":{"line":123,"column":8},"end":{"line":136,"column":10},"skip":true},"32":{"start":{"line":130,"column":12},"end":{"line":130,"column":76},"skip":true},"33":{"start":{"line":131,"column":12},"end":{"line":131,"column":73},"skip":true},"34":{"start":{"line":132,"column":12},"end":{"line":132,"column":74},"skip":true},"35":{"start":{"line":133,"column":12},"end":{"line":133,"column":79},"skip":true},"36":{"start":{"line":134,"column":12},"end":{"line":134,"column":25},"skip":true},"37":{"start":{"line":135,"column":12},"end":{"line":135,"column":45},"skip":true},"38":{"start":{"line":138,"column":8},"end":{"line":145,"column":14},"skip":true},"39":{"start":{"line":143,"column":16},"end":{"line":143,"column":29},"skip":true},"40":{"start":{"line":144,"column":16},"end":{"line":144,"column":55},"skip":true},"41":{"start":{"line":147,"column":8},"end":{"line":156,"column":10},"skip":true},"42":{"start":{"line":154,"column":12},"end":{"line":154,"column":25},"skip":true},"43":{"start":{"line":155,"column":12},"end":{"line":155,"column":45},"skip":true},"44":{"start":{"line":158,"column":8},"end":{"line":167,"column":10},"skip":true},"45":{"start":{"line":165,"column":12},"end":{"line":165,"column":25},"skip":true},"46":{"start":{"line":166,"column":12},"end":{"line":166,"column":48},"skip":true},"47":{"start":{"line":169,"column":8},"end":{"line":178,"column":10},"skip":true},"48":{"start":{"line":176,"column":12},"end":{"line":176,"column":25},"skip":true},"49":{"start":{"line":177,"column":12},"end":{"line":177,"column":46},"skip":true},"50":{"start":{"line":180,"column":8},"end":{"line":189,"column":10},"skip":true},"51":{"start":{"line":187,"column":12},"end":{"line":187,"column":94},"skip":true},"52":{"start":{"line":188,"column":12},"end":{"line":188,"column":48},"skip":true},"53":{"start":{"line":192,"column":8},"end":{"line":192,"column":35},"skip":true},"54":{"start":{"line":193,"column":8},"end":{"line":193,"column":14},"skip":true}},"branchMap":{"1":{"line":25,"type":"binary-expr","locations":[{"start":{"line":25,"column":23},"end":{"line":25,"column":62}},{"start":{"line":26,"column":20},"end":{"line":26,"column":70}},{"start":{"line":27,"column":20},"end":{"line":27,"column":71}},{"start":{"line":28,"column":20},"end":{"line":28,"column":29}}]},"2":{"line":30,"type":"binary-expr","locations":[{"start":{"line":30,"column":23},"end":{"line":30,"column":37}},{"start":{"line":31,"column":20},"end":{"line":31,"column":61}},{"start":{"line":32,"column":20},"end":{"line":32,"column":70}},{"start":{"line":33,"column":20},"end":{"line":33,"column":26}}]},"3":{"line":37,"type":"cond-expr","locations":[{"start":{"line":38,"column":14},"end":{"line":38,"column":20}},{"start":{"line":39,"column":14},"end":{"line":39,"column":20}}]},"4":{"line":40,"type":"switch","locations":[{"start":{"line":42,"column":8},"end":{"line":47,"column":18}},{"start":{"line":49,"column":8},"end":{"line":52,"column":18}}]},"5":{"line":44,"type":"binary-expr","locations":[{"start":{"line":44,"column":16},"end":{"line":44,"column":44}},{"start":{"line":44,"column":48},"end":{"line":44,"column":66}}]},"6":{"line":50,"type":"binary-expr","locations":[{"start":{"line":50,"column":21},"end":{"line":50,"column":49}},{"start":{"line":50,"column":53},"end":{"line":50,"column":72}}]},"7":{"line":64,"type":"switch","locations":[{"start":{"line":69,"column":4},"end":{"line":70,"column":14}},{"start":{"line":75,"column":4},"end":{"line":76,"column":14}}]},"8":{"line":85,"type":"switch","locations":[{"start":{"line":90,"column":4},"end":{"line":105,"column":14}},{"start":{"line":111,"column":4},"end":{"line":193,"column":14},"skip":true}]},"9":{"line":91,"type":"binary-expr","locations":[{"start":{"line":91,"column":42},"end":{"line":91,"column":73}},{"start":{"line":91,"column":77},"end":{"line":99,"column":9}}]},"10":{"line":102,"type":"binary-expr","locations":[{"start":{"line":102,"column":18},"end":{"line":102,"column":32}},{"start":{"line":103,"column":12},"end":{"line":103,"column":53}},{"start":{"line":104,"column":12},"end":{"line":104,"column":61}}]},"11":{"line":112,"type":"binary-expr","locations":[{"start":{"line":112,"column":45},"end":{"line":112,"column":79},"skip":true},{"start":{"line":112,"column":83},"end":{"line":121,"column":9},"skip":true}]},"12":{"line":123,"type":"binary-expr","locations":[{"start":{"line":123,"column":42},"end":{"line":123,"column":73},"skip":true},{"start":{"line":123,"column":77},"end":{"line":136,"column":9},"skip":true}]},"13":{"line":138,"type":"binary-expr","locations":[{"start":{"line":138,"column":48},"end":{"line":138,"column":85},"skip":true},{"start":{"line":139,"column":12},"end":{"line":145,"column":13},"skip":true}]},"14":{"line":147,"type":"binary-expr","locations":[{"start":{"line":147,"column":42},"end":{"line":147,"column":73},"skip":true},{"start":{"line":147,"column":77},"end":{"line":156,"column":9},"skip":true}]},"15":{"line":158,"type":"binary-expr","locations":[{"start":{"line":158,"column":45},"end":{"line":158,"column":79},"skip":true},{"start":{"line":158,"column":83},"end":{"line":167,"column":9},"skip":true}]},"16":{"line":169,"type":"binary-expr","locations":[{"start":{"line":169,"column":43},"end":{"line":169,"column":75},"skip":true},{"start":{"line":169,"column":79},"end":{"line":178,"column":9},"skip":true}]},"17":{"line":180,"type":"binary-expr","locations":[{"start":{"line":180,"column":41},"end":{"line":180,"column":71},"skip":true},{"start":{"line":180,"column":75},"end":{"line":189,"column":9},"skip":true}]}},"code":["/* istanbul instrument in package npmtest_owlcarousel */","/*jslint","    bitwise: true,","    browser: true,","    maxerr: 8,","    maxlen: 96,","    node: true,","    nomen: true,","    regexp: true,","    stupid: true","*/","(function () {","    'use strict';","    var local;","","","","    // run shared js-env code - pre-init","    (function () {","        // init local","        local = {};","        // init modeJs","        local.modeJs = (function () {","            try {","                return typeof navigator.userAgent === 'string' &&","                    typeof document.querySelector('body') === 'object' &&","                    typeof XMLHttpRequest.prototype.open === 'function' &&","                    'browser';","            } catch (errorCaughtBrowser) {","                return module.exports &&","                    typeof process.versions.node === 'string' &&","                    typeof require('http').createServer === 'function' &&","                    'node';","            }","        }());","        // init global","        local.global = local.modeJs === 'browser'","            ? window","            : global;","        switch (local.modeJs) {","        // re-init local from window.local","        case 'browser':","            local = local.global.utility2.objectSetDefault(","                local.global.utility2_rollup || local.global.local,","                local.global.utility2","            );","            break;","        // re-init local from example.js","        case 'node':","            local = (local.global.utility2_rollup || require('utility2'))","                .requireReadme();","            break;","        }","        // export local","        local.global.local = local;","    }());","","","","    // run shared js-env code - function","    (function () {","        return;","    }());","    switch (local.modeJs) {","","","","    // run browser js-env code - function","    case 'browser':","        break;","","","","    // run node js-env code - function","    case 'node':","        break;","    }","","","","    // run shared js-env code - post-init","    (function () {","        return;","    }());","    switch (local.modeJs) {","","","","    // run browser js-env code - post-init","    case 'browser':","        local.testCase_browser_nullCase = local.testCase_browser_nullCase || function (","            options,","            onError","        ) {","        /*","         * this function will test browsers's null-case handling-behavior-behavior","         */","            onError(null, options);","        };","","        // run tests","        local.nop(local.modeTest &&","            document.querySelector('#testRunButton1') &&","            document.querySelector('#testRunButton1').click());","        break;","","","","    // run node js-env code - post-init","    /* istanbul ignore next */","    case 'node':","        local.testCase_buildApidoc_default = local.testCase_buildApidoc_default || function (","            options,","            onError","        ) {","        /*","         * this function will test buildApidoc's default handling-behavior-behavior","         */","            options = { modulePathList: module.paths };","            local.buildApidoc(options, onError);","        };","","        local.testCase_buildApp_default = local.testCase_buildApp_default || function (","            options,","            onError","        ) {","        /*","         * this function will test buildApp's default handling-behavior-behavior","         */","            local.testCase_buildReadme_default(options, local.onErrorThrow);","            local.testCase_buildLib_default(options, local.onErrorThrow);","            local.testCase_buildTest_default(options, local.onErrorThrow);","            local.testCase_buildCustomOrg_default(options, local.onErrorThrow);","            options = [];","            local.buildApp(options, onError);","        };","","        local.testCase_buildCustomOrg_default = local.testCase_buildCustomOrg_default ||","            function (options, onError) {","            /*","             * this function will test buildCustomOrg's default handling-behavior","             */","                options = {};","                local.buildCustomOrg(options, onError);","            };","","        local.testCase_buildLib_default = local.testCase_buildLib_default || function (","            options,","            onError","        ) {","        /*","         * this function will test buildLib's default handling-behavior","         */","            options = {};","            local.buildLib(options, onError);","        };","","        local.testCase_buildReadme_default = local.testCase_buildReadme_default || function (","            options,","            onError","        ) {","        /*","         * this function will test buildReadme's default handling-behavior-behavior","         */","            options = {};","            local.buildReadme(options, onError);","        };","","        local.testCase_buildTest_default = local.testCase_buildTest_default || function (","            options,","            onError","        ) {","        /*","         * this function will test buildTest's default handling-behavior","         */","            options = {};","            local.buildTest(options, onError);","        };","","        local.testCase_webpage_default = local.testCase_webpage_default || function (","            options,","            onError","        ) {","        /*","         * this function will test webpage's default handling-behavior","         */","            options = { modeCoverageMerge: true, url: local.serverLocalHost + '?modeTest=1' };","            local.browserTest(options, onError);","        };","","        // run test-server","        local.testRunServer(local);","        break;","    }","}());",""],"l":{"12":2,"14":2,"19":2,"21":2,"23":2,"24":2,"25":2,"30":1,"37":2,"40":2,"43":1,"47":1,"50":1,"52":1,"55":2,"61":2,"62":2,"64":2,"70":1,"76":1,"82":2,"83":2,"85":2,"91":1,"98":1,"102":1,"105":1,"112":1,"119":1,"120":1,"123":1,"130":1,"131":1,"132":1,"133":1,"134":1,"135":1,"138":1,"143":2,"144":2,"147":1,"154":2,"155":2,"158":1,"165":2,"166":2,"169":1,"176":2,"177":2,"180":1,"187":1,"188":1,"192":1,"193":1}},"/home/travis/build/npmtest/node-npmtest-owlcarousel/lib.npmtest_owlcarousel.js":{"path":"/home/travis/build/npmtest/node-npmtest-owlcarousel/lib.npmtest_owlcarousel.js","s":{"1":2,"2":2,"3":2,"4":2,"5":2,"6":2,"7":2,"8":1,"9":2,"10":2,"11":2,"12":2,"13":1,"14":1,"15":1,"16":1},"b":{"1":[2,1,1,1],"2":[1,1,1,1],"3":[1,1],"4":[2,2],"5":[1,1]},"f":{"1":2,"2":2,"3":2},"fnMap":{"1":{"name":"(anonymous_1)","line":12,"loc":{"start":{"line":12,"column":1},"end":{"line":12,"column":13}}},"2":{"name":"(anonymous_2)","line":19,"loc":{"start":{"line":19,"column":5},"end":{"line":19,"column":17}}},"3":{"name":"(anonymous_3)","line":23,"loc":{"start":{"line":23,"column":24},"end":{"line":23,"column":36}}}},"statementMap":{"1":{"start":{"line":12,"column":0},"end":{"line":53,"column":5}},"2":{"start":{"line":14,"column":4},"end":{"line":14,"column":14}},"3":{"start":{"line":19,"column":4},"end":{"line":52,"column":9}},"4":{"start":{"line":21,"column":8},"end":{"line":21,"column":19}},"5":{"start":{"line":23,"column":8},"end":{"line":35,"column":13}},"6":{"start":{"line":24,"column":12},"end":{"line":34,"column":13}},"7":{"start":{"line":25,"column":16},"end":{"line":28,"column":30}},"8":{"start":{"line":30,"column":16},"end":{"line":33,"column":27}},"9":{"start":{"line":37,"column":8},"end":{"line":39,"column":21}},"10":{"start":{"line":41,"column":8},"end":{"line":41,"column":54}},"11":{"start":{"line":43,"column":8},"end":{"line":43,"column":56}},"12":{"start":{"line":45,"column":8},"end":{"line":51,"column":9}},"13":{"start":{"line":46,"column":12},"end":{"line":46,"column":62}},"14":{"start":{"line":48,"column":12},"end":{"line":48,"column":35}},"15":{"start":{"line":49,"column":12},"end":{"line":49,"column":49}},"16":{"start":{"line":50,"column":12},"end":{"line":50,"column":43}}},"branchMap":{"1":{"line":25,"type":"binary-expr","locations":[{"start":{"line":25,"column":23},"end":{"line":25,"column":62}},{"start":{"line":26,"column":20},"end":{"line":26,"column":70}},{"start":{"line":27,"column":20},"end":{"line":27,"column":71}},{"start":{"line":28,"column":20},"end":{"line":28,"column":29}}]},"2":{"line":30,"type":"binary-expr","locations":[{"start":{"line":30,"column":23},"end":{"line":30,"column":37}},{"start":{"line":31,"column":20},"end":{"line":31,"column":61}},{"start":{"line":32,"column":20},"end":{"line":32,"column":70}},{"start":{"line":33,"column":20},"end":{"line":33,"column":26}}]},"3":{"line":37,"type":"cond-expr","locations":[{"start":{"line":38,"column":14},"end":{"line":38,"column":20}},{"start":{"line":39,"column":14},"end":{"line":39,"column":20}}]},"4":{"line":41,"type":"binary-expr","locations":[{"start":{"line":41,"column":16},"end":{"line":41,"column":44}},{"start":{"line":41,"column":48},"end":{"line":41,"column":53}}]},"5":{"line":45,"type":"if","locations":[{"start":{"line":45,"column":8},"end":{"line":45,"column":8}},{"start":{"line":45,"column":8},"end":{"line":45,"column":8}}]}},"code":["/* istanbul instrument in package npmtest_owlcarousel */","/*jslint","    bitwise: true,","    browser: true,","    maxerr: 8,","    maxlen: 96,","    node: true,","    nomen: true,","    regexp: true,","    stupid: true","*/","(function () {","    'use strict';","    var local;","","","","    // run shared js-env code - pre-init","    (function () {","        // init local","        local = {};","        // init modeJs","        local.modeJs = (function () {","            try {","                return typeof navigator.userAgent === 'string' &&","                    typeof document.querySelector('body') === 'object' &&","                    typeof XMLHttpRequest.prototype.open === 'function' &&","                    'browser';","            } catch (errorCaughtBrowser) {","                return module.exports &&","                    typeof process.versions.node === 'string' &&","                    typeof require('http').createServer === 'function' &&","                    'node';","            }","        }());","        // init global","        local.global = local.modeJs === 'browser'","            ? window","            : global;","        // init utility2_rollup","        local = local.global.utility2_rollup || local;","        // init lib","        local.local = local.npmtest_owlcarousel = local;","        // init exports","        if (local.modeJs === 'browser') {","            local.global.utility2_npmtest_owlcarousel = local;","        } else {","            module.exports = local;","            module.exports.__dirname = __dirname;","            module.exports.module = module;","        }","    }());","}());",""],"l":{"12":2,"14":2,"19":2,"21":2,"23":2,"24":2,"25":2,"30":1,"37":2,"41":2,"43":2,"45":2,"46":1,"48":1,"49":1,"50":1}},"/home/travis/build/npmtest/node-npmtest-owlcarousel/example.js":{"path":"/home/travis/build/npmtest/node-npmtest-owlcarousel/example.js","s":{"1":2,"2":2,"3":2,"4":2,"5":2,"6":2,"7":2,"8":1,"9":2,"10":2,"11":2,"12":2,"13":1,"14":2,"15":2,"16":2,"17":2,"18":2,"19":0,"20":2,"21":1,"22":1,"23":1,"24":1,"25":1,"26":0,"27":0,"28":1,"29":1,"30":2,"31":0,"32":0,"33":0,"34":1,"35":2,"36":2,"37":3,"38":3,"39":3,"40":3,"41":0,"42":3,"43":3,"44":3,"45":1,"46":3,"47":1,"48":1,"49":1,"50":1,"51":1,"52":1,"53":1,"54":1,"55":1,"56":1,"57":0,"58":1,"59":6,"60":6,"61":1,"62":2,"63":0,"64":2,"65":1,"66":1,"67":0,"68":0,"69":0,"70":0,"71":0,"72":0,"73":0,"74":0,"75":0,"76":0,"77":0,"78":0,"79":0,"80":0,"81":0,"82":0,"83":0},"b":{"1":[2,1,1,1],"2":[1,1,1,1],"3":[1,1],"4":[2,2],"5":[1,1],"6":[1,1],"7":[2,0],"8":[2,1,1,1,1,1],"9":[0,2,0],"10":[1,1],"11":[2,1,1],"12":[1,0],"13":[0,2],"14":[2,0,0,0,0,0,0],"15":[0,3],"16":[3,0],"17":[1,1],"18":[0,1],"19":[1,2,0,2],"20":[1,0],"21":[1,1],"22":[0,0],"23":[0,0],"24":[0,0],"25":[0,0],"26":[0,0],"27":[0,0],"28":[0,0]},"f":{"1":2,"2":2,"3":2,"4":2,"5":2,"6":2,"7":3,"8":3,"9":3,"10":1,"11":6,"12":0},"fnMap":{"1":{"name":"(anonymous_1)","line":26,"loc":{"start":{"line":26,"column":1},"end":{"line":26,"column":13}}},"2":{"name":"(anonymous_2)","line":33,"loc":{"start":{"line":33,"column":5},"end":{"line":33,"column":17}}},"3":{"name":"(anonymous_3)","line":37,"loc":{"start":{"line":37,"column":24},"end":{"line":37,"column":36}}},"4":{"name":"(anonymous_4)","line":69,"loc":{"start":{"line":69,"column":31},"end":{"line":69,"column":48}},"skip":true},"5":{"name":"(anonymous_5)","line":78,"loc":{"start":{"line":78,"column":26},"end":{"line":78,"column":45}},"skip":true},"6":{"name":"(anonymous_6)","line":123,"loc":{"start":{"line":123,"column":33},"end":{"line":123,"column":48}},"skip":true},"7":{"name":"(anonymous_7)","line":125,"loc":{"start":{"line":125,"column":27},"end":{"line":125,"column":39}},"skip":true},"8":{"name":"(anonymous_8)","line":133,"loc":{"start":{"line":133,"column":59},"end":{"line":133,"column":74}},"skip":true},"9":{"name":"(anonymous_9)","line":143,"loc":{"start":{"line":143,"column":45},"end":{"line":143,"column":62}},"skip":true},"10":{"name":"(anonymous_10)","line":144,"loc":{"start":{"line":144,"column":73},"end":{"line":144,"column":92}},"skip":true},"11":{"name":"(anonymous_11)","line":272,"loc":{"start":{"line":272,"column":51},"end":{"line":272,"column":77}},"skip":true},"12":{"name":"(anonymous_12)","line":315,"loc":{"start":{"line":315,"column":32},"end":{"line":315,"column":61}},"skip":true}},"statementMap":{"1":{"start":{"line":26,"column":0},"end":{"line":326,"column":5}},"2":{"start":{"line":28,"column":4},"end":{"line":28,"column":14}},"3":{"start":{"line":33,"column":4},"end":{"line":60,"column":9}},"4":{"start":{"line":35,"column":8},"end":{"line":35,"column":19}},"5":{"start":{"line":37,"column":8},"end":{"line":49,"column":13}},"6":{"start":{"line":38,"column":12},"end":{"line":48,"column":13}},"7":{"start":{"line":39,"column":16},"end":{"line":42,"column":30}},"8":{"start":{"line":44,"column":16},"end":{"line":47,"column":27}},"9":{"start":{"line":51,"column":8},"end":{"line":53,"column":21}},"10":{"start":{"line":55,"column":8},"end":{"line":57,"column":45}},"11":{"start":{"line":59,"column":8},"end":{"line":59,"column":35}},"12":{"start":{"line":61,"column":4},"end":{"line":325,"column":5}},"13":{"start":{"line":69,"column":8},"end":{"line":121,"column":10},"skip":true},"14":{"start":{"line":70,"column":12},"end":{"line":88,"column":13},"skip":true},"15":{"start":{"line":76,"column":16},"end":{"line":87,"column":19},"skip":true},"16":{"start":{"line":79,"column":20},"end":{"line":86,"column":21},"skip":true},"17":{"start":{"line":82,"column":24},"end":{"line":82,"column":43},"skip":true},"18":{"start":{"line":83,"column":24},"end":{"line":83,"column":30},"skip":true},"19":{"start":{"line":85,"column":24},"end":{"line":85,"column":49},"skip":true},"20":{"start":{"line":89,"column":12},"end":{"line":107,"column":13},"skip":true},"21":{"start":{"line":92,"column":16},"end":{"line":102,"column":17},"skip":true},"22":{"start":{"line":93,"column":20},"end":{"line":93,"column":86},"skip":true},"23":{"start":{"line":94,"column":20},"end":{"line":95,"column":45},"skip":true},"24":{"start":{"line":96,"column":20},"end":{"line":96,"column":42},"skip":true},"25":{"start":{"line":97,"column":20},"end":{"line":97,"column":48},"skip":true},"26":{"start":{"line":100,"column":20},"end":{"line":100,"column":85},"skip":true},"27":{"start":{"line":101,"column":20},"end":{"line":101,"column":96},"skip":true},"28":{"start":{"line":103,"column":16},"end":{"line":103,"column":22},"skip":true},"29":{"start":{"line":106,"column":16},"end":{"line":106,"column":22},"skip":true},"30":{"start":{"line":108,"column":12},"end":{"line":120,"column":13},"skip":true},"31":{"start":{"line":114,"column":16},"end":{"line":119,"column":17},"skip":true},"32":{"start":{"line":116,"column":20},"end":{"line":116,"column":78},"skip":true},"33":{"start":{"line":118,"column":20},"end":{"line":118,"column":47},"skip":true},"34":{"start":{"line":123,"column":8},"end":{"line":141,"column":11},"skip":true},"35":{"start":{"line":124,"column":12},"end":{"line":124,"column":54},"skip":true},"36":{"start":{"line":125,"column":12},"end":{"line":140,"column":14},"skip":true},"37":{"start":{"line":126,"column":16},"end":{"line":126,"column":28},"skip":true},"38":{"start":{"line":127,"column":16},"end":{"line":127,"column":69},"skip":true},"39":{"start":{"line":128,"column":16},"end":{"line":128,"column":75},"skip":true},"40":{"start":{"line":129,"column":16},"end":{"line":131,"column":17},"skip":true},"41":{"start":{"line":130,"column":20},"end":{"line":130,"column":27},"skip":true},"42":{"start":{"line":133,"column":16},"end":{"line":137,"column":36},"skip":true},"43":{"start":{"line":134,"column":20},"end":{"line":136,"column":55},"skip":true},"44":{"start":{"line":139,"column":16},"end":{"line":139,"column":57},"skip":true},"45":{"start":{"line":143,"column":8},"end":{"line":147,"column":11},"skip":true},"46":{"start":{"line":144,"column":12},"end":{"line":146,"column":15},"skip":true},"47":{"start":{"line":145,"column":16},"end":{"line":145,"column":70},"skip":true},"48":{"start":{"line":149,"column":8},"end":{"line":149,"column":31},"skip":true},"49":{"start":{"line":150,"column":8},"end":{"line":150,"column":14},"skip":true},"50":{"start":{"line":158,"column":8},"end":{"line":158,"column":31},"skip":true},"51":{"start":{"line":160,"column":8},"end":{"line":160,"column":33},"skip":true},"52":{"start":{"line":161,"column":8},"end":{"line":161,"column":37},"skip":true},"53":{"start":{"line":162,"column":8},"end":{"line":162,"column":35},"skip":true},"54":{"start":{"line":164,"column":8},"end":{"line":164,"column":50},"skip":true},"55":{"start":{"line":166,"column":8},"end":{"line":256,"column":2},"skip":true},"56":{"start":{"line":258,"column":8},"end":{"line":286,"column":9},"skip":true},"57":{"start":{"line":259,"column":12},"end":{"line":269,"column":14},"skip":true},"58":{"start":{"line":271,"column":12},"end":{"line":285,"column":19},"skip":true},"59":{"start":{"line":274,"column":20},"end":{"line":274,"column":35},"skip":true},"60":{"start":{"line":275,"column":20},"end":{"line":284,"column":21},"skip":true},"61":{"start":{"line":277,"column":24},"end":{"line":277,"column":64},"skip":true},"62":{"start":{"line":279,"column":24},"end":{"line":279,"column":40},"skip":true},"63":{"start":{"line":281,"column":24},"end":{"line":281,"column":40},"skip":true},"64":{"start":{"line":283,"column":24},"end":{"line":283,"column":39},"skip":true},"65":{"start":{"line":288,"column":8},"end":{"line":290,"column":9},"skip":true},"66":{"start":{"line":289,"column":12},"end":{"line":289,"column":18},"skip":true},"67":{"start":{"line":291,"column":8},"end":{"line":293,"column":54},"skip":true},"68":{"start":{"line":296,"column":8},"end":{"line":301,"column":37},"skip":true},"69":{"start":{"line":303,"column":8},"end":{"line":303,"column":82},"skip":true},"70":{"start":{"line":306,"column":8},"end":{"line":308,"column":9},"skip":true},"71":{"start":{"line":307,"column":12},"end":{"line":307,"column":82},"skip":true},"72":{"start":{"line":310,"column":8},"end":{"line":312,"column":9},"skip":true},"73":{"start":{"line":311,"column":12},"end":{"line":311,"column":18},"skip":true},"74":{"start":{"line":313,"column":8},"end":{"line":313,"column":54},"skip":true},"75":{"start":{"line":314,"column":8},"end":{"line":314,"column":69},"skip":true},"76":{"start":{"line":315,"column":8},"end":{"line":323,"column":36},"skip":true},"77":{"start":{"line":316,"column":12},"end":{"line":316,"column":61},"skip":true},"78":{"start":{"line":317,"column":12},"end":{"line":320,"column":13},"skip":true},"79":{"start":{"line":318,"column":16},"end":{"line":318,"column":75},"skip":true},"80":{"start":{"line":319,"column":16},"end":{"line":319,"column":23},"skip":true},"81":{"start":{"line":321,"column":12},"end":{"line":321,"column":38},"skip":true},"82":{"start":{"line":322,"column":12},"end":{"line":322,"column":27},"skip":true},"83":{"start":{"line":324,"column":8},"end":{"line":324,"column":14},"skip":true}},"branchMap":{"1":{"line":39,"type":"binary-expr","locations":[{"start":{"line":39,"column":23},"end":{"line":39,"column":62}},{"start":{"line":40,"column":20},"end":{"line":40,"column":70}},{"start":{"line":41,"column":20},"end":{"line":41,"column":71}},{"start":{"line":42,"column":20},"end":{"line":42,"column":29}}]},"2":{"line":44,"type":"binary-expr","locations":[{"start":{"line":44,"column":23},"end":{"line":44,"column":37}},{"start":{"line":45,"column":20},"end":{"line":45,"column":61}},{"start":{"line":46,"column":20},"end":{"line":46,"column":70}},{"start":{"line":47,"column":20},"end":{"line":47,"column":26}}]},"3":{"line":51,"type":"cond-expr","locations":[{"start":{"line":52,"column":14},"end":{"line":52,"column":20}},{"start":{"line":53,"column":14},"end":{"line":53,"column":20}}]},"4":{"line":55,"type":"binary-expr","locations":[{"start":{"line":55,"column":16},"end":{"line":55,"column":44}},{"start":{"line":55,"column":49},"end":{"line":57,"column":43}}]},"5":{"line":55,"type":"cond-expr","locations":[{"start":{"line":56,"column":14},"end":{"line":56,"column":55}},{"start":{"line":57,"column":14},"end":{"line":57,"column":43}}]},"6":{"line":61,"type":"switch","locations":[{"start":{"line":68,"column":4},"end":{"line":150,"column":14},"skip":true},{"start":{"line":156,"column":4},"end":{"line":324,"column":14},"skip":true}]},"7":{"line":70,"type":"if","locations":[{"start":{"line":70,"column":12},"end":{"line":70,"column":12},"skip":true},{"start":{"line":70,"column":12},"end":{"line":70,"column":12},"skip":true}]},"8":{"line":70,"type":"binary-expr","locations":[{"start":{"line":70,"column":16},"end":{"line":70,"column":22},"skip":true},{"start":{"line":70,"column":27},"end":{"line":70,"column":32},"skip":true},{"start":{"line":71,"column":20},"end":{"line":71,"column":39},"skip":true},{"start":{"line":72,"column":20},"end":{"line":72,"column":49},"skip":true},{"start":{"line":73,"column":20},"end":{"line":73,"column":58},"skip":true},{"start":{"line":74,"column":20},"end":{"line":74,"column":69},"skip":true}]},"9":{"line":79,"type":"switch","locations":[{"start":{"line":80,"column":20},"end":{"line":80,"column":33},"skip":true},{"start":{"line":81,"column":20},"end":{"line":83,"column":30},"skip":true},{"start":{"line":84,"column":20},"end":{"line":85,"column":49},"skip":true}]},"10":{"line":89,"type":"switch","locations":[{"start":{"line":90,"column":12},"end":{"line":103,"column":22},"skip":true},{"start":{"line":105,"column":12},"end":{"line":106,"column":22},"skip":true}]},"11":{"line":89,"type":"binary-expr","locations":[{"start":{"line":89,"column":20},"end":{"line":89,"column":25},"skip":true},{"start":{"line":89,"column":29},"end":{"line":89,"column":48},"skip":true},{"start":{"line":89,"column":52},"end":{"line":89,"column":74},"skip":true}]},"12":{"line":92,"type":"if","locations":[{"start":{"line":92,"column":16},"end":{"line":92,"column":16},"skip":true},{"start":{"line":92,"column":16},"end":{"line":92,"column":16},"skip":true}]},"13":{"line":108,"type":"if","locations":[{"start":{"line":108,"column":12},"end":{"line":108,"column":12},"skip":true},{"start":{"line":108,"column":12},"end":{"line":108,"column":12},"skip":true}]},"14":{"line":108,"type":"binary-expr","locations":[{"start":{"line":108,"column":16},"end":{"line":108,"column":61},"skip":true},{"start":{"line":108,"column":66},"end":{"line":108,"column":72},"skip":true},{"start":{"line":108,"column":77},"end":{"line":108,"column":82},"skip":true},{"start":{"line":109,"column":20},"end":{"line":109,"column":39},"skip":true},{"start":{"line":110,"column":20},"end":{"line":110,"column":49},"skip":true},{"start":{"line":111,"column":20},"end":{"line":111,"column":58},"skip":true},{"start":{"line":112,"column":20},"end":{"line":112,"column":68},"skip":true}]},"15":{"line":129,"type":"if","locations":[{"start":{"line":129,"column":16},"end":{"line":129,"column":16},"skip":true},{"start":{"line":129,"column":16},"end":{"line":129,"column":16},"skip":true}]},"16":{"line":134,"type":"cond-expr","locations":[{"start":{"line":135,"column":26},"end":{"line":135,"column":29},"skip":true},{"start":{"line":136,"column":26},"end":{"line":136,"column":54},"skip":true}]},"17":{"line":164,"type":"binary-expr","locations":[{"start":{"line":164,"column":27},"end":{"line":164,"column":43},"skip":true},{"start":{"line":164,"column":47},"end":{"line":164,"column":49},"skip":true}]},"18":{"line":258,"type":"if","locations":[{"start":{"line":258,"column":8},"end":{"line":258,"column":8},"skip":true},{"start":{"line":258,"column":8},"end":{"line":258,"column":8},"skip":true}]},"19":{"line":275,"type":"switch","locations":[{"start":{"line":276,"column":20},"end":{"line":277,"column":64},"skip":true},{"start":{"line":278,"column":20},"end":{"line":279,"column":40},"skip":true},{"start":{"line":280,"column":20},"end":{"line":281,"column":40},"skip":true},{"start":{"line":282,"column":20},"end":{"line":283,"column":39},"skip":true}]},"20":{"line":288,"type":"if","locations":[{"start":{"line":288,"column":8},"end":{"line":288,"column":8},"skip":true},{"start":{"line":288,"column":8},"end":{"line":288,"column":8},"skip":true}]},"21":{"line":288,"type":"binary-expr","locations":[{"start":{"line":288,"column":12},"end":{"line":288,"column":40},"skip":true},{"start":{"line":288,"column":44},"end":{"line":288,"column":67},"skip":true}]},"22":{"line":292,"type":"binary-expr","locations":[{"start":{"line":292,"column":12},"end":{"line":292,"column":50},"skip":true},{"start":{"line":293,"column":12},"end":{"line":293,"column":53},"skip":true}]},"23":{"line":297,"type":"binary-expr","locations":[{"start":{"line":297,"column":12},"end":{"line":297,"column":69},"skip":true},{"start":{"line":298,"column":12},"end":{"line":301,"column":36},"skip":true}]},"24":{"line":303,"type":"binary-expr","locations":[{"start":{"line":303,"column":43},"end":{"line":303,"column":75},"skip":true},{"start":{"line":303,"column":79},"end":{"line":303,"column":81},"skip":true}]},"25":{"line":306,"type":"if","locations":[{"start":{"line":306,"column":8},"end":{"line":306,"column":8},"skip":true},{"start":{"line":306,"column":8},"end":{"line":306,"column":8},"skip":true}]},"26":{"line":310,"type":"if","locations":[{"start":{"line":310,"column":8},"end":{"line":310,"column":8},"skip":true},{"start":{"line":310,"column":8},"end":{"line":310,"column":8},"skip":true}]},"27":{"line":313,"type":"binary-expr","locations":[{"start":{"line":313,"column":27},"end":{"line":313,"column":43},"skip":true},{"start":{"line":313,"column":47},"end":{"line":313,"column":53},"skip":true}]},"28":{"line":317,"type":"if","locations":[{"start":{"line":317,"column":12},"end":{"line":317,"column":12},"skip":true},{"start":{"line":317,"column":12},"end":{"line":317,"column":12},"skip":true}]}},"code":["/*","example.js","","quickstart example","","instruction","    1. save this script as example.js","    2. run the shell command:","        $ npm install npmtest-owlcarousel && PORT=8081 node example.js","    3. play with the browser-demo on http://127.0.0.1:8081","*/","","","","/* istanbul instrument in package npmtest_owlcarousel */","/*jslint","    bitwise: true,","    browser: true,","    maxerr: 8,","    maxlen: 96,","    node: true,","    nomen: true,","    regexp: true,","    stupid: true","*/","(function () {","    'use strict';","    var local;","","","","    // run shared js-env code - pre-init","    (function () {","        // init local","        local = {};","        // init modeJs","        local.modeJs = (function () {","            try {","                return typeof navigator.userAgent === 'string' &&","                    typeof document.querySelector('body') === 'object' &&","                    typeof XMLHttpRequest.prototype.open === 'function' &&","                    'browser';","            } catch (errorCaughtBrowser) {","                return module.exports &&","                    typeof process.versions.node === 'string' &&","                    typeof require('http').createServer === 'function' &&","                    'node';","            }","        }());","        // init global","        local.global = local.modeJs === 'browser'","            ? window","            : global;","        // init utility2_rollup","        local = local.global.utility2_rollup || (local.modeJs === 'browser'","            ? local.global.utility2_npmtest_owlcarousel","            : global.utility2_moduleExports);","        // export local","        local.global.local = local;","    }());","    switch (local.modeJs) {","","","","    // post-init","    // run browser js-env code - post-init","    /* istanbul ignore next */","    case 'browser':","        local.testRunBrowser = function (event) {","            if (!event || (event &&","                    event.currentTarget &&","                    event.currentTarget.className &&","                    event.currentTarget.className.includes &&","                    event.currentTarget.className.includes('onreset'))) {","                // reset output","                Array.from(","                    document.querySelectorAll('body > .resettable')","                ).forEach(function (element) {","                    switch (element.tagName) {","                    case 'INPUT':","                    case 'TEXTAREA':","                        element.value = '';","                        break;","                    default:","                        element.textContent = '';","                    }","                });","            }","            switch (event && event.currentTarget && event.currentTarget.id) {","            case 'testRunButton1':","                // show tests","                if (document.querySelector('#testReportDiv1').style.display === 'none') {","                    document.querySelector('#testReportDiv1').style.display = 'block';","                    document.querySelector('#testRunButton1').textContent =","                        'hide internal test';","                    local.modeTest = true;","                    local.testRunDefault(local);","                // hide tests","                } else {","                    document.querySelector('#testReportDiv1').style.display = 'none';","                    document.querySelector('#testRunButton1').textContent = 'run internal test';","                }","                break;","            // custom-case","            default:","                break;","            }","            if (document.querySelector('#inputTextareaEval1') && (!event || (event &&","                    event.currentTarget &&","                    event.currentTarget.className &&","                    event.currentTarget.className.includes &&","                    event.currentTarget.className.includes('oneval')))) {","                // try to eval input-code","                try {","                    /*jslint evil: true*/","                    eval(document.querySelector('#inputTextareaEval1').value);","                } catch (errorCaught) {","                    console.error(errorCaught);","                }","            }","        };","        // log stderr and stdout to #outputTextareaStdout1","        ['error', 'log'].forEach(function (key) {","            console[key + '_original'] = console[key];","            console[key] = function () {","                var element;","                console[key + '_original'].apply(console, arguments);","                element = document.querySelector('#outputTextareaStdout1');","                if (!element) {","                    return;","                }","                // append text to #outputTextareaStdout1","                element.value += Array.from(arguments).map(function (arg) {","                    return typeof arg === 'string'","                        ? arg","                        : JSON.stringify(arg, null, 4);","                }).join(' ') + '\\n';","                // scroll textarea to bottom","                element.scrollTop = element.scrollHeight;","            };","        });","        // init event-handling","        ['change', 'click', 'keyup'].forEach(function (event) {","            Array.from(document.querySelectorAll('.on' + event)).forEach(function (element) {","                element.addEventListener(event, local.testRunBrowser);","            });","        });","        // run tests","        local.testRunBrowser();","        break;","","","","    // run node js-env code - post-init","    /* istanbul ignore next */","    case 'node':","        // export local","        module.exports = local;","        // require modules","        local.fs = require('fs');","        local.http = require('http');","        local.url = require('url');","        // init assets","        local.assetsDict = local.assetsDict || {};","        /* jslint-ignore-begin */","        local.assetsDict['/assets.index.template.html'] = '\\","<!doctype html>\\n\\","<html lang=\"en\">\\n\\","<head>\\n\\","<meta charset=\"UTF-8\">\\n\\","<meta name=\"viewport\" content=\"width=device-width, initial-scale=1\">\\n\\","<title>{{env.npm_package_name}} (v{{env.npm_package_version}})</title>\\n\\","<style>\\n\\","/*csslint\\n\\","    box-sizing: false,\\n\\","    universal-selector: false\\n\\","*/\\n\\","* {\\n\\","    box-sizing: border-box;\\n\\","}\\n\\","body {\\n\\","    background: #dde;\\n\\","    font-family: Arial, Helvetica, sans-serif;\\n\\","    margin: 2rem;\\n\\","}\\n\\","body > * {\\n\\","    margin-bottom: 1rem;\\n\\","}\\n\\",".utility2FooterDiv {\\n\\","    margin-top: 20px;\\n\\","    text-align: center;\\n\\","}\\n\\","</style>\\n\\","<style>\\n\\","/*csslint\\n\\","*/\\n\\","textarea {\\n\\","    font-family: monospace;\\n\\","    height: 10rem;\\n\\","    width: 100%;\\n\\","}\\n\\","textarea[readonly] {\\n\\","    background: #ddd;\\n\\","}\\n\\","</style>\\n\\","</head>\\n\\","<body>\\n\\","<!-- utility2-comment\\n\\","<div id=\"ajaxProgressDiv1\" style=\"background: #d00; height: 2px; left: 0; margin: 0; padding: 0; position: fixed; top: 0; transition: background 0.5s, width 1.5s; width: 25%;\"></div>\\n\\","utility2-comment -->\\n\\","<h1>\\n\\","<!-- utility2-comment\\n\\","    <a\\n\\","        {{#if env.npm_package_homepage}}\\n\\","        href=\"{{env.npm_package_homepage}}\"\\n\\","        {{/if env.npm_package_homepage}}\\n\\","        target=\"_blank\"\\n\\","    >\\n\\","utility2-comment -->\\n\\","        {{env.npm_package_name}} (v{{env.npm_package_version}})\\n\\","<!-- utility2-comment\\n\\","    </a>\\n\\","utility2-comment -->\\n\\","</h1>\\n\\","<h3>{{env.npm_package_description}}</h3>\\n\\","<!-- utility2-comment\\n\\","<h4><a download href=\"assets.app.js\">download standalone app</a></h4>\\n\\","<button class=\"onclick onreset\" id=\"testRunButton1\">run internal test</button><br>\\n\\","<div id=\"testReportDiv1\" style=\"display: none;\"></div>\\n\\","utility2-comment -->\\n\\","\\n\\","\\n\\","\\n\\","<label>stderr and stdout</label>\\n\\","<textarea class=\"resettable\" id=\"outputTextareaStdout1\" readonly></textarea>\\n\\","<!-- utility2-comment\\n\\","{{#if isRollup}}\\n\\","<script src=\"assets.app.js\"></script>\\n\\","{{#unless isRollup}}\\n\\","utility2-comment -->\\n\\","<script src=\"assets.utility2.rollup.js\"></script>\\n\\","<script src=\"jsonp.utility2._stateInit?callback=window.utility2._stateInit\"></script>\\n\\","<script src=\"assets.npmtest_owlcarousel.rollup.js\"></script>\\n\\","<script src=\"assets.example.js\"></script>\\n\\","<script src=\"assets.test.js\"></script>\\n\\","<!-- utility2-comment\\n\\","{{/if isRollup}}\\n\\","utility2-comment -->\\n\\","<div class=\"utility2FooterDiv\">\\n\\","    [ this app was created with\\n\\","    <a href=\"https://github.com/kaizhu256/node-utility2\" target=\"_blank\">utility2</a>\\n\\","    ]\\n\\","</div>\\n\\","</body>\\n\\","</html>\\n\\","';","        /* jslint-ignore-end */","        if (local.templateRender) {","            local.assetsDict['/'] = local.templateRender(","                local.assetsDict['/assets.index.template.html'],","                {","                    env: local.objectSetDefault(local.env, {","                        npm_package_description: 'the greatest app in the world!',","                        npm_package_name: 'my-app',","                        npm_package_nameAlias: 'my_app',","                        npm_package_version: '0.0.1'","                    })","                }","            );","        } else {","            local.assetsDict['/'] = local.assetsDict['/assets.index.template.html']","                .replace((/\\{\\{env\\.(\\w+?)\\}\\}/g), function (match0, match1) {","                    // jslint-hack","                    String(match0);","                    switch (match1) {","                    case 'npm_package_description':","                        return 'the greatest app in the world!';","                    case 'npm_package_name':","                        return 'my-app';","                    case 'npm_package_nameAlias':","                        return 'my_app';","                    case 'npm_package_version':","                        return '0.0.1';","                    }","                });","        }","        // run the cli","        if (local.global.utility2_rollup || module !== require.main) {","            break;","        }","        local.assetsDict['/assets.example.js'] =","            local.assetsDict['/assets.example.js'] ||","            local.fs.readFileSync(__filename, 'utf8');","        // bug-workaround - long $npm_package_buildCustomOrg","        /* jslint-ignore-begin */","        local.assetsDict['/assets.npmtest_owlcarousel.rollup.js'] =","            local.assetsDict['/assets.npmtest_owlcarousel.rollup.js'] ||","            local.fs.readFileSync(","                local.npmtest_owlcarousel.__dirname + '/lib.npmtest_owlcarousel.js',","                'utf8'","            ).replace((/^#!/), '//');","        /* jslint-ignore-end */","        local.assetsDict['/favicon.ico'] = local.assetsDict['/favicon.ico'] || '';","        // if $npm_config_timeout_exit exists,","        // then exit this process after $npm_config_timeout_exit ms","        if (Number(process.env.npm_config_timeout_exit)) {","            setTimeout(process.exit, Number(process.env.npm_config_timeout_exit));","        }","        // start server","        if (local.global.utility2_serverHttp1) {","            break;","        }","        process.env.PORT = process.env.PORT || '8081';","        console.error('server starting on port ' + process.env.PORT);","        local.http.createServer(function (request, response) {","            request.urlParsed = local.url.parse(request.url);","            if (local.assetsDict[request.urlParsed.pathname] !== undefined) {","                response.end(local.assetsDict[request.urlParsed.pathname]);","                return;","            }","            response.statusCode = 404;","            response.end();","        }).listen(process.env.PORT);","        break;","    }","}());",""],"l":{"26":2,"28":2,"33":2,"35":2,"37":2,"38":2,"39":2,"44":1,"51":2,"55":2,"59":2,"61":2,"69":1,"70":2,"76":2,"79":2,"82":2,"83":2,"85":1,"89":2,"92":1,"93":1,"94":1,"96":1,"97":1,"100":1,"101":1,"103":1,"106":1,"108":2,"114":1,"116":1,"118":1,"123":1,"124":2,"125":2,"126":3,"127":3,"128":3,"129":3,"130":1,"133":3,"134":3,"139":3,"143":1,"144":3,"145":1,"149":1,"150":1,"158":1,"160":1,"161":1,"162":1,"164":1,"166":1,"258":1,"259":1,"271":1,"274":6,"275":6,"277":1,"279":2,"281":1,"283":2,"288":1,"289":1,"291":1,"296":1,"303":1,"306":1,"307":1,"310":1,"311":1,"313":1,"314":1,"315":1,"316":1,"317":1,"318":1,"319":1,"321":1,"322":1,"324":1}},"/home/travis/build/npmtest/node-npmtest-owlcarousel/node_modules/owlcarousel/owl-carousel/owl.carousel.js":{"path":"/home/travis/build/npmtest/node-npmtest-owlcarousel/node_modules/owlcarousel/owl-carousel/owl.carousel.js","s":{"1":2,"2":0,"3":1,"4":0,"5":0,"6":2,"7":0,"8":0,"9":0,"10":0,"11":0,"12":0,"13":0,"14":1,"15":0,"16":0,"17":0,"18":0,"19":0,"20":0,"21":0,"22":0,"23":0,"24":0,"25":0,"26":0,"27":0,"28":0,"29":0,"30":0,"31":0,"32":0,"33":0,"34":0,"35":0,"36":0,"37":0,"38":0,"39":0,"40":0,"41":0,"42":0,"43":0,"44":0,"45":0,"46":0,"47":0,"48":0,"49":0,"50":0,"51":0,"52":0,"53":0,"54":0,"55":0,"56":0,"57":0,"58":0,"59":0,"60":0,"61":0,"62":0,"63":0,"64":0,"65":0,"66":0,"67":0,"68":0,"69":0,"70":0,"71":0,"72":0,"73":0,"74":0,"75":0,"76":0,"77":0,"78":0,"79":0,"80":0,"81":0,"82":0,"83":0,"84":0,"85":0,"86":0,"87":0,"88":0,"89":0,"90":0,"91":0,"92":0,"93":0,"94":0,"95":0,"96":0,"97":0,"98":0,"99":0,"100":0,"101":0,"102":0,"103":0,"104":0,"105":0,"106":0,"107":0,"108":0,"109":0,"110":0,"111":0,"112":0,"113":0,"114":0,"115":0,"116":0,"117":0,"118":0,"119":0,"120":0,"121":0,"122":0,"123":0,"124":0,"125":0,"126":0,"127":0,"128":0,"129":0,"130":0,"131":0,"132":0,"133":0,"134":0,"135":0,"136":0,"137":0,"138":0,"139":0,"140":0,"141":0,"142":0,"143":0,"144":0,"145":0,"146":0,"147":0,"148":0,"149":0,"150":0,"151":0,"152":0,"153":0,"154":0,"155":0,"156":0,"157":0,"158":0,"159":0,"160":0,"161":0,"162":0,"163":0,"164":0,"165":0,"166":0,"167":0,"168":0,"169":0,"170":0,"171":0,"172":0,"173":0,"174":0,"175":0,"176":0,"177":0,"178":0,"179":0,"180":0,"181":0,"182":0,"183":0,"184":0,"185":0,"186":0,"187":0,"188":0,"189":0,"190":0,"191":0,"192":0,"193":0,"194":0,"195":0,"196":0,"197":0,"198":0,"199":0,"200":0,"201":0,"202":0,"203":0,"204":0,"205":0,"206":0,"207":0,"208":0,"209":0,"210":0,"211":0,"212":0,"213":0,"214":0,"215":0,"216":0,"217":0,"218":0,"219":0,"220":0,"221":0,"222":0,"223":0,"224":0,"225":0,"226":0,"227":0,"228":0,"229":0,"230":0,"231":0,"232":0,"233":0,"234":0,"235":0,"236":0,"237":0,"238":0,"239":0,"240":0,"241":0,"242":0,"243":0,"244":0,"245":0,"246":0,"247":0,"248":0,"249":0,"250":0,"251":0,"252":0,"253":0,"254":0,"255":0,"256":0,"257":0,"258":0,"259":0,"260":0,"261":0,"262":0,"263":0,"264":0,"265":0,"266":0,"267":0,"268":0,"269":0,"270":0,"271":0,"272":0,"273":0,"274":0,"275":0,"276":0,"277":0,"278":0,"279":0,"280":0,"281":0,"282":0,"283":0,"284":0,"285":0,"286":0,"287":0,"288":0,"289":0,"290":0,"291":0,"292":0,"293":0,"294":0,"295":0,"296":0,"297":0,"298":0,"299":0,"300":0,"301":0,"302":0,"303":0,"304":0,"305":0,"306":0,"307":0,"308":0,"309":0,"310":0,"311":0,"312":0,"313":0,"314":0,"315":0,"316":0,"317":0,"318":0,"319":0,"320":0,"321":0,"322":0,"323":0,"324":0,"325":0,"326":0,"327":0,"328":0,"329":0,"330":0,"331":0,"332":0,"333":0,"334":0,"335":0,"336":0,"337":0,"338":0,"339":0,"340":0,"341":0,"342":0,"343":0,"344":0,"345":0,"346":0,"347":0,"348":0,"349":0,"350":0,"351":0,"352":0,"353":0,"354":0,"355":0,"356":0,"357":0,"358":0,"359":0,"360":0,"361":0,"362":0,"363":0,"364":0,"365":0,"366":0,"367":0,"368":0,"369":0,"370":0,"371":0,"372":0,"373":0,"374":0,"375":0,"376":0,"377":0,"378":0,"379":0,"380":0,"381":0,"382":0,"383":0,"384":0,"385":0,"386":0,"387":0,"388":0,"389":0,"390":0,"391":0,"392":0,"393":0,"394":0,"395":0,"396":0,"397":0,"398":0,"399":0,"400":0,"401":0,"402":0,"403":0,"404":0,"405":0,"406":0,"407":0,"408":0,"409":0,"410":0,"411":0,"412":0,"413":0,"414":0,"415":0,"416":0,"417":0,"418":0,"419":0,"420":0,"421":0,"422":0,"423":0,"424":0,"425":0,"426":0,"427":0,"428":0,"429":0,"430":0,"431":0,"432":1,"433":0,"434":0,"435":0,"436":0,"437":0,"438":0,"439":0,"440":1,"441":0,"442":0,"443":0,"444":0,"445":0,"446":0,"447":1,"448":0,"449":0,"450":0,"451":0,"452":0,"453":0,"454":0,"455":0,"456":0,"457":0,"458":0,"459":0,"460":0,"461":0,"462":0,"463":0,"464":0,"465":0,"466":0,"467":0,"468":0,"469":0,"470":0,"471":1,"472":0,"473":0,"474":0,"475":0,"476":0,"477":0,"478":0,"479":0,"480":0,"481":0,"482":0,"483":0,"484":0,"485":0,"486":0,"487":0,"488":0,"489":0,"490":0,"491":0,"492":0,"493":0,"494":1,"495":0,"496":0,"497":0,"498":0,"499":0,"500":0,"501":0,"502":0,"503":0,"504":0,"505":0,"506":0,"507":0,"508":0,"509":0,"510":0,"511":0,"512":0,"513":0,"514":0,"515":0,"516":0,"517":0,"518":0,"519":0,"520":0,"521":0,"522":0,"523":0,"524":0,"525":0,"526":0,"527":0,"528":0,"529":0,"530":0,"531":0,"532":0,"533":0,"534":0,"535":0,"536":0,"537":0,"538":0,"539":0,"540":0,"541":0,"542":0,"543":0,"544":0,"545":0,"546":0,"547":0,"548":0,"549":0,"550":0,"551":0,"552":0,"553":0,"554":0,"555":0,"556":0,"557":0,"558":0,"559":0,"560":0,"561":0,"562":0,"563":0,"564":0,"565":0,"566":0,"567":0,"568":0,"569":0,"570":0,"571":0,"572":0,"573":0,"574":0,"575":0,"576":0,"577":0,"578":0,"579":0,"580":0,"581":0,"582":0,"583":0,"584":0,"585":0,"586":0,"587":0,"588":0,"589":0,"590":0,"591":0,"592":0,"593":0,"594":0,"595":1,"596":0,"597":0,"598":0,"599":0,"600":0,"601":0,"602":0,"603":1,"604":0,"605":0,"606":0,"607":0,"608":0,"609":0,"610":0,"611":0,"612":1,"613":0,"614":0,"615":0,"616":0,"617":0,"618":1,"619":0,"620":0,"621":0,"622":0,"623":0,"624":0,"625":0,"626":0,"627":0,"628":0,"629":0,"630":0,"631":0,"632":0,"633":0,"634":0,"635":0,"636":0,"637":0,"638":0,"639":0,"640":0,"641":0,"642":0,"643":0,"644":0,"645":0,"646":0,"647":0,"648":0,"649":0,"650":0,"651":1,"652":0,"653":0,"654":0,"655":0,"656":0,"657":0,"658":0,"659":0,"660":0,"661":0,"662":0,"663":0,"664":0,"665":0,"666":0,"667":0,"668":0,"669":0,"670":0,"671":0,"672":0,"673":0,"674":0,"675":0,"676":0,"677":0,"678":0,"679":0,"680":0,"681":0,"682":0,"683":0,"684":0,"685":0,"686":0,"687":0,"688":0,"689":0,"690":0,"691":0,"692":0,"693":0,"694":0,"695":0,"696":0,"697":0,"698":0,"699":0,"700":0,"701":0,"702":0,"703":0,"704":0,"705":0,"706":0,"707":0,"708":0,"709":0,"710":0,"711":0,"712":0,"713":0,"714":0,"715":0,"716":0,"717":0,"718":0,"719":0,"720":0,"721":0,"722":0},"b":{"1":[0,2],"2":[0,0],"3":[0,0],"4":[0,0],"5":[0,0],"6":[0,0],"7":[0,0],"8":[0,0],"9":[0,0],"10":[0,0],"11":[0,0],"12":[0,0],"13":[0,0],"14":[0,0],"15":[0,0],"16":[0,0],"17":[0,0],"18":[0,0],"19":[0,0],"20":[0,0],"21":[0,0],"22":[0,0],"23":[0,0],"24":[0,0],"25":[0,0],"26":[0,0],"27":[0,0],"28":[0,0],"29":[0,0],"30":[0,0],"31":[0,0],"32":[0,0],"33":[0,0],"34":[0,0],"35":[0,0],"36":[0,0],"37":[0,0],"38":[0,0],"39":[0,0],"40":[0,0],"41":[0,0],"42":[0,0],"43":[0,0],"44":[0,0],"45":[0,0],"46":[0,0],"47":[0,0],"48":[0,0],"49":[0,0],"50":[0,0],"51":[0,0],"52":[0,0],"53":[0,0],"54":[0,0],"55":[0,0],"56":[0,0],"57":[0,0],"58":[0,0],"59":[0,0],"60":[0,0],"61":[0,0],"62":[0,0],"63":[0,0],"64":[0,0],"65":[0,0],"66":[0,0],"67":[0,0],"68":[0,0],"69":[0,0],"70":[0,0],"71":[0,0],"72":[0,0],"73":[0,0],"74":[0,0],"75":[0,0],"76":[0,0],"77":[0,0],"78":[0,0],"79":[0,0],"80":[0,0],"81":[0,0],"82":[0,0],"83":[0,0,0],"84":[0,0],"85":[0,0],"86":[0,0],"87":[0,0],"88":[0,0],"89":[0,0],"90":[0,0],"91":[0,0],"92":[0,0,0,0],"93":[0,0],"94":[0,0],"95":[0,0],"96":[0,0],"97":[0,0],"98":[0,0],"99":[0,0],"100":[0,0],"101":[0,0],"102":[0,0],"103":[0,0],"104":[0,0],"105":[0,0],"106":[0,0],"107":[0,0],"108":[0,0],"109":[0,0],"110":[0,0],"111":[0,0],"112":[0,0],"113":[0,0],"114":[0,0],"115":[0,0],"116":[0,0],"117":[0,0],"118":[0,0],"119":[0,0],"120":[0,0],"121":[0,0],"122":[0,0],"123":[0,0],"124":[0,0],"125":[0,0],"126":[0,0],"127":[0,0],"128":[0,0],"129":[0,0],"130":[0,0,0],"131":[0,0],"132":[0,0],"133":[0,0],"134":[0,0],"135":[0,0],"136":[0,0],"137":[0,0],"138":[0,0],"139":[0,0],"140":[0,0],"141":[0,0,0],"142":[0,0],"143":[0,0,0],"144":[0,0],"145":[0,0,0],"146":[0,0],"147":[0,0],"148":[0,0,0],"149":[0,0],"150":[0,0,0],"151":[0,0],"152":[0,0],"153":[0,0],"154":[0,0],"155":[0,0],"156":[0,0],"157":[0,0],"158":[0,0],"159":[0,0],"160":[0,0],"161":[0,0,0],"162":[0,0],"163":[0,0],"164":[0,0,0],"165":[0,0],"166":[0,0],"167":[0,0],"168":[0,0],"169":[0,0],"170":[0,0,0],"171":[0,0],"172":[0,0],"173":[0,0],"174":[0,0],"175":[0,0],"176":[0,0],"177":[0,0],"178":[0,0,0],"179":[0,0],"180":[0,0],"181":[0,0],"182":[0,0],"183":[0,0],"184":[0,0],"185":[0,0],"186":[0,0],"187":[0,0],"188":[0,0],"189":[0,0],"190":[0,0],"191":[0,0],"192":[0,0],"193":[0,0],"194":[0,0],"195":[0,0],"196":[0,0],"197":[0,0],"198":[0,0],"199":[0,0],"200":[0,0],"201":[0,0],"202":[0,0],"203":[0,0],"204":[0,0],"205":[0,0],"206":[0,0],"207":[0,0],"208":[0,0]},"f":{"1":0,"2":0,"3":0,"4":0,"5":0,"6":0,"7":0,"8":0,"9":0,"10":0,"11":0,"12":0,"13":0,"14":0,"15":0,"16":0,"17":0,"18":0,"19":0,"20":0,"21":0,"22":0,"23":0,"24":0,"25":0,"26":0,"27":0,"28":0,"29":0,"30":0,"31":0,"32":0,"33":0,"34":0,"35":0,"36":0,"37":0,"38":0,"39":0,"40":0,"41":0,"42":0,"43":0,"44":0,"45":0,"46":0,"47":0,"48":0,"49":0,"50":0,"51":0,"52":0,"53":0,"54":0,"55":0,"56":0,"57":0,"58":0,"59":0,"60":0,"61":0,"62":0,"63":0,"64":0,"65":0,"66":0,"67":0,"68":0,"69":0,"70":0,"71":0,"72":0,"73":0,"74":0,"75":0,"76":0,"77":0,"78":0,"79":0,"80":0,"81":0,"82":0,"83":0,"84":0,"85":0,"86":0,"87":0,"88":0,"89":0,"90":0,"91":0,"92":0,"93":0,"94":0,"95":0,"96":0,"97":0,"98":0,"99":0,"100":0,"101":0,"102":0,"103":0,"104":0,"105":0,"106":0,"107":0,"108":0,"109":0,"110":0,"111":0,"112":0,"113":0,"114":0,"115":0,"116":0,"117":0,"118":0},"fnMap":{"1":{"name":"(anonymous_1)","line":16,"loc":{"start":{"line":16,"column":20},"end":{"line":16,"column":35}}},"2":{"name":"F","line":17,"loc":{"start":{"line":17,"column":8},"end":{"line":17,"column":21}}},"3":{"name":"(anonymous_3)","line":22,"loc":{"start":{"line":22,"column":1},"end":{"line":22,"column":32}}},"4":{"name":"(anonymous_4)","line":25,"loc":{"start":{"line":25,"column":15},"end":{"line":25,"column":38}}},"5":{"name":"(anonymous_5)","line":35,"loc":{"start":{"line":35,"column":22},"end":{"line":35,"column":34}}},"6":{"name":"getData","line":38,"loc":{"start":{"line":38,"column":12},"end":{"line":38,"column":35}}},"7":{"name":"(anonymous_7)","line":65,"loc":{"start":{"line":65,"column":16},"end":{"line":65,"column":28}}},"8":{"name":"(anonymous_8)","line":81,"loc":{"start":{"line":81,"column":18},"end":{"line":81,"column":30}}},"9":{"name":"(anonymous_9)","line":99,"loc":{"start":{"line":99,"column":20},"end":{"line":99,"column":32}}},"10":{"name":"(anonymous_10)","line":132,"loc":{"start":{"line":132,"column":25},"end":{"line":132,"column":37}}},"11":{"name":"(anonymous_11)","line":148,"loc":{"start":{"line":148,"column":21},"end":{"line":148,"column":33}}},"12":{"name":"(anonymous_12)","line":164,"loc":{"start":{"line":164,"column":17},"end":{"line":164,"column":29}}},"13":{"name":"(anonymous_13)","line":166,"loc":{"start":{"line":166,"column":30},"end":{"line":166,"column":42}}},"14":{"name":"(anonymous_14)","line":171,"loc":{"start":{"line":171,"column":26},"end":{"line":171,"column":38}}},"15":{"name":"(anonymous_15)","line":181,"loc":{"start":{"line":181,"column":51},"end":{"line":181,"column":63}}},"16":{"name":"(anonymous_16)","line":190,"loc":{"start":{"line":190,"column":20},"end":{"line":190,"column":32}}},"17":{"name":"(anonymous_17)","line":198,"loc":{"start":{"line":198,"column":20},"end":{"line":198,"column":32}}},"18":{"name":"(anonymous_18)","line":212,"loc":{"start":{"line":212,"column":22},"end":{"line":212,"column":34}}},"19":{"name":"(anonymous_19)","line":236,"loc":{"start":{"line":236,"column":46},"end":{"line":236,"column":62}}},"20":{"name":"(anonymous_20)","line":273,"loc":{"start":{"line":273,"column":19},"end":{"line":273,"column":31}}},"21":{"name":"(anonymous_21)","line":283,"loc":{"start":{"line":283,"column":27},"end":{"line":283,"column":39}}},"22":{"name":"(anonymous_22)","line":289,"loc":{"start":{"line":289,"column":51},"end":{"line":289,"column":63}}},"23":{"name":"(anonymous_23)","line":298,"loc":{"start":{"line":298,"column":25},"end":{"line":298,"column":37}}},"24":{"name":"(anonymous_24)","line":306,"loc":{"start":{"line":306,"column":27},"end":{"line":306,"column":39}}},"25":{"name":"(anonymous_25)","line":311,"loc":{"start":{"line":311,"column":32},"end":{"line":311,"column":49}}},"26":{"name":"(anonymous_26)","line":326,"loc":{"start":{"line":326,"column":29},"end":{"line":326,"column":41}}},"27":{"name":"(anonymous_27)","line":337,"loc":{"start":{"line":337,"column":23},"end":{"line":337,"column":35}}},"28":{"name":"(anonymous_28)","line":345,"loc":{"start":{"line":345,"column":25},"end":{"line":345,"column":37}}},"29":{"name":"(anonymous_29)","line":350,"loc":{"start":{"line":350,"column":14},"end":{"line":350,"column":26}}},"30":{"name":"(anonymous_30)","line":364,"loc":{"start":{"line":364,"column":14},"end":{"line":364,"column":26}}},"31":{"name":"(anonymous_31)","line":368,"loc":{"start":{"line":368,"column":16},"end":{"line":368,"column":28}}},"32":{"name":"(anonymous_32)","line":394,"loc":{"start":{"line":394,"column":24},"end":{"line":394,"column":36}}},"33":{"name":"(anonymous_33)","line":407,"loc":{"start":{"line":407,"column":23},"end":{"line":407,"column":35}}},"34":{"name":"(anonymous_34)","line":426,"loc":{"start":{"line":426,"column":101},"end":{"line":426,"column":118}}},"35":{"name":"(anonymous_35)","line":430,"loc":{"start":{"line":430,"column":97},"end":{"line":430,"column":114}}},"36":{"name":"(anonymous_36)","line":440,"loc":{"start":{"line":440,"column":26},"end":{"line":440,"column":38}}},"37":{"name":"(anonymous_37)","line":446,"loc":{"start":{"line":446,"column":95},"end":{"line":446,"column":112}}},"38":{"name":"(anonymous_38)","line":454,"loc":{"start":{"line":454,"column":27},"end":{"line":454,"column":39}}},"39":{"name":"(anonymous_39)","line":495,"loc":{"start":{"line":495,"column":26},"end":{"line":495,"column":38}}},"40":{"name":"(anonymous_40)","line":500,"loc":{"start":{"line":500,"column":58},"end":{"line":500,"column":70}}},"41":{"name":"(anonymous_41)","line":510,"loc":{"start":{"line":510,"column":26},"end":{"line":510,"column":38}}},"42":{"name":"(anonymous_42)","line":533,"loc":{"start":{"line":533,"column":25},"end":{"line":533,"column":37}}},"43":{"name":"(anonymous_43)","line":546,"loc":{"start":{"line":546,"column":26},"end":{"line":546,"column":38}}},"44":{"name":"(anonymous_44)","line":553,"loc":{"start":{"line":553,"column":15},"end":{"line":553,"column":32}}},"45":{"name":"(anonymous_45)","line":573,"loc":{"start":{"line":573,"column":15},"end":{"line":573,"column":32}}},"46":{"name":"(anonymous_46)","line":597,"loc":{"start":{"line":597,"column":15},"end":{"line":597,"column":48}}},"47":{"name":"(anonymous_47)","line":632,"loc":{"start":{"line":632,"column":38},"end":{"line":632,"column":50}}},"48":{"name":"(anonymous_48)","line":638,"loc":{"start":{"line":638,"column":38},"end":{"line":638,"column":50}}},"49":{"name":"(anonymous_49)","line":644,"loc":{"start":{"line":644,"column":38},"end":{"line":644,"column":50}}},"50":{"name":"(anonymous_50)","line":661,"loc":{"start":{"line":661,"column":17},"end":{"line":661,"column":37}}},"51":{"name":"(anonymous_51)","line":681,"loc":{"start":{"line":681,"column":18},"end":{"line":681,"column":30}}},"52":{"name":"(anonymous_52)","line":702,"loc":{"start":{"line":702,"column":15},"end":{"line":702,"column":27}}},"53":{"name":"(anonymous_53)","line":708,"loc":{"start":{"line":708,"column":18},"end":{"line":708,"column":30}}},"54":{"name":"(anonymous_54)","line":715,"loc":{"start":{"line":715,"column":15},"end":{"line":715,"column":27}}},"55":{"name":"(anonymous_55)","line":722,"loc":{"start":{"line":722,"column":55},"end":{"line":722,"column":67}}},"56":{"name":"(anonymous_56)","line":727,"loc":{"start":{"line":727,"column":20},"end":{"line":727,"column":38}}},"57":{"name":"(anonymous_57)","line":738,"loc":{"start":{"line":738,"column":22},"end":{"line":738,"column":39}}},"58":{"name":"(anonymous_58)","line":747,"loc":{"start":{"line":747,"column":27},"end":{"line":747,"column":39}}},"59":{"name":"(anonymous_59)","line":756,"loc":{"start":{"line":756,"column":22},"end":{"line":756,"column":40}}},"60":{"name":"(anonymous_60)","line":766,"loc":{"start":{"line":766,"column":23},"end":{"line":766,"column":40}}},"61":{"name":"(anonymous_61)","line":771,"loc":{"start":{"line":771,"column":19},"end":{"line":771,"column":36}}},"62":{"name":"(anonymous_62)","line":776,"loc":{"start":{"line":776,"column":20},"end":{"line":776,"column":44}}},"63":{"name":"(anonymous_63)","line":784,"loc":{"start":{"line":784,"column":27},"end":{"line":784,"column":39}}},"64":{"name":"(anonymous_64)","line":790,"loc":{"start":{"line":790,"column":23},"end":{"line":790,"column":35}}},"65":{"name":"(anonymous_65)","line":816,"loc":{"start":{"line":816,"column":21},"end":{"line":816,"column":33}}},"66":{"name":"(anonymous_66)","line":824,"loc":{"start":{"line":824,"column":21},"end":{"line":824,"column":33}}},"67":{"name":"(anonymous_67)","line":855,"loc":{"start":{"line":855,"column":26},"end":{"line":855,"column":38}}},"68":{"name":"(anonymous_68)","line":857,"loc":{"start":{"line":857,"column":43},"end":{"line":857,"column":60}}},"69":{"name":"(anonymous_69)","line":858,"loc":{"start":{"line":858,"column":57},"end":{"line":858,"column":70}}},"70":{"name":"(anonymous_70)","line":863,"loc":{"start":{"line":863,"column":19},"end":{"line":863,"column":31}}},"71":{"name":"getTouches","line":881,"loc":{"start":{"line":881,"column":12},"end":{"line":881,"column":39}}},"72":{"name":"swapEvents","line":905,"loc":{"start":{"line":905,"column":12},"end":{"line":905,"column":38}}},"73":{"name":"dragStart","line":915,"loc":{"start":{"line":915,"column":12},"end":{"line":915,"column":38}}},"74":{"name":"dragMove","line":957,"loc":{"start":{"line":957,"column":12},"end":{"line":957,"column":37}}},"75":{"name":"(anonymous_75)","line":984,"loc":{"start":{"line":984,"column":27},"end":{"line":984,"column":39}}},"76":{"name":"(anonymous_76)","line":988,"loc":{"start":{"line":988,"column":27},"end":{"line":988,"column":39}}},"77":{"name":"dragEnd","line":1000,"loc":{"start":{"line":1000,"column":12},"end":{"line":1000,"column":36}}},"78":{"name":"(anonymous_78)","line":1024,"loc":{"start":{"line":1024,"column":57},"end":{"line":1024,"column":71}}},"79":{"name":"(anonymous_79)","line":1040,"loc":{"start":{"line":1040,"column":25},"end":{"line":1040,"column":37}}},"80":{"name":"(anonymous_80)","line":1053,"loc":{"start":{"line":1053,"column":22},"end":{"line":1053,"column":34}}},"81":{"name":"(anonymous_81)","line":1059,"loc":{"start":{"line":1059,"column":26},"end":{"line":1059,"column":42}}},"82":{"name":"(anonymous_82)","line":1080,"loc":{"start":{"line":1080,"column":24},"end":{"line":1080,"column":36}}},"83":{"name":"(anonymous_83)","line":1093,"loc":{"start":{"line":1093,"column":23},"end":{"line":1093,"column":35}}},"84":{"name":"(anonymous_84)","line":1096,"loc":{"start":{"line":1096,"column":38},"end":{"line":1096,"column":50}}},"85":{"name":"(anonymous_85)","line":1099,"loc":{"start":{"line":1099,"column":38},"end":{"line":1099,"column":50}}},"86":{"name":"(anonymous_86)","line":1102,"loc":{"start":{"line":1102,"column":38},"end":{"line":1102,"column":62}}},"87":{"name":"(anonymous_87)","line":1107,"loc":{"start":{"line":1107,"column":38},"end":{"line":1107,"column":50}}},"88":{"name":"(anonymous_88)","line":1111,"loc":{"start":{"line":1111,"column":38},"end":{"line":1111,"column":61}}},"89":{"name":"(anonymous_89)","line":1114,"loc":{"start":{"line":1114,"column":40},"end":{"line":1114,"column":63}}},"90":{"name":"(anonymous_90)","line":1119,"loc":{"start":{"line":1119,"column":22},"end":{"line":1119,"column":34}}},"91":{"name":"(anonymous_91)","line":1122,"loc":{"start":{"line":1122,"column":43},"end":{"line":1122,"column":55}}},"92":{"name":"(anonymous_92)","line":1125,"loc":{"start":{"line":1125,"column":42},"end":{"line":1125,"column":54}}},"93":{"name":"(anonymous_93)","line":1133,"loc":{"start":{"line":1133,"column":19},"end":{"line":1133,"column":31}}},"94":{"name":"(anonymous_94)","line":1168,"loc":{"start":{"line":1168,"column":34},"end":{"line":1168,"column":45}}},"95":{"name":"(anonymous_95)","line":1175,"loc":{"start":{"line":1175,"column":22},"end":{"line":1175,"column":49}}},"96":{"name":"showImage","line":1187,"loc":{"start":{"line":1187,"column":12},"end":{"line":1187,"column":33}}},"97":{"name":"checkLazyImage","line":1200,"loc":{"start":{"line":1200,"column":12},"end":{"line":1200,"column":38}}},"98":{"name":"(anonymous_98)","line":1214,"loc":{"start":{"line":1214,"column":21},"end":{"line":1214,"column":33}}},"99":{"name":"addHeight","line":1219,"loc":{"start":{"line":1219,"column":12},"end":{"line":1219,"column":33}}},"100":{"name":"(anonymous_100)","line":1223,"loc":{"start":{"line":1223,"column":38},"end":{"line":1223,"column":50}}},"101":{"name":"checkImage","line":1229,"loc":{"start":{"line":1229,"column":12},"end":{"line":1229,"column":34}}},"102":{"name":"(anonymous_102)","line":1248,"loc":{"start":{"line":1248,"column":22},"end":{"line":1248,"column":37}}},"103":{"name":"(anonymous_103)","line":1261,"loc":{"start":{"line":1261,"column":25},"end":{"line":1261,"column":37}}},"104":{"name":"(anonymous_104)","line":1279,"loc":{"start":{"line":1279,"column":26},"end":{"line":1279,"column":47}}},"105":{"name":"(anonymous_105)","line":1286,"loc":{"start":{"line":1286,"column":31},"end":{"line":1286,"column":43}}},"106":{"name":"transStyles","line":1305,"loc":{"start":{"line":1305,"column":12},"end":{"line":1305,"column":42}}},"107":{"name":"(anonymous_107)","line":1315,"loc":{"start":{"line":1315,"column":29},"end":{"line":1315,"column":41}}},"108":{"name":"(anonymous_108)","line":1323,"loc":{"start":{"line":1323,"column":29},"end":{"line":1323,"column":41}}},"109":{"name":"(anonymous_109)","line":1330,"loc":{"start":{"line":1330,"column":26},"end":{"line":1330,"column":57}}},"110":{"name":"(anonymous_110)","line":1345,"loc":{"start":{"line":1345,"column":20},"end":{"line":1345,"column":32}}},"111":{"name":"(anonymous_111)","line":1361,"loc":{"start":{"line":1361,"column":22},"end":{"line":1361,"column":34}}},"112":{"name":"(anonymous_112)","line":1368,"loc":{"start":{"line":1368,"column":17},"end":{"line":1368,"column":29}}},"113":{"name":"(anonymous_113)","line":1384,"loc":{"start":{"line":1384,"column":18},"end":{"line":1384,"column":30}}},"114":{"name":"(anonymous_114)","line":1392,"loc":{"start":{"line":1392,"column":17},"end":{"line":1392,"column":39}}},"115":{"name":"(anonymous_115)","line":1399,"loc":{"start":{"line":1399,"column":18},"end":{"line":1399,"column":56}}},"116":{"name":"(anonymous_116)","line":1425,"loc":{"start":{"line":1425,"column":21},"end":{"line":1425,"column":47}}},"117":{"name":"(anonymous_117)","line":1445,"loc":{"start":{"line":1445,"column":23},"end":{"line":1445,"column":42}}},"118":{"name":"(anonymous_118)","line":1446,"loc":{"start":{"line":1446,"column":25},"end":{"line":1446,"column":37}}}},"statementMap":{"1":{"start":{"line":15,"column":0},"end":{"line":21,"column":1}},"2":{"start":{"line":16,"column":4},"end":{"line":20,"column":6}},"3":{"start":{"line":17,"column":8},"end":{"line":17,"column":23}},"4":{"start":{"line":18,"column":8},"end":{"line":18,"column":26}},"5":{"start":{"line":19,"column":8},"end":{"line":19,"column":23}},"6":{"start":{"line":22,"column":0},"end":{"line":1517,"column":29}},"7":{"start":{"line":24,"column":4},"end":{"line":1443,"column":6}},"8":{"start":{"line":26,"column":12},"end":{"line":26,"column":28}},"9":{"start":{"line":28,"column":12},"end":{"line":28,"column":31}},"10":{"start":{"line":29,"column":12},"end":{"line":29,"column":94}},"11":{"start":{"line":31,"column":12},"end":{"line":31,"column":39}},"12":{"start":{"line":32,"column":12},"end":{"line":32,"column":31}},"13":{"start":{"line":36,"column":12},"end":{"line":36,"column":33}},"14":{"start":{"line":38,"column":12},"end":{"line":51,"column":13}},"15":{"start":{"line":39,"column":16},"end":{"line":39,"column":36}},"16":{"start":{"line":40,"column":16},"end":{"line":49,"column":17}},"17":{"start":{"line":41,"column":20},"end":{"line":41,"column":65}},"18":{"start":{"line":43,"column":20},"end":{"line":47,"column":21}},"19":{"start":{"line":44,"column":24},"end":{"line":46,"column":25}},"20":{"start":{"line":45,"column":28},"end":{"line":45,"column":56}},"21":{"start":{"line":48,"column":20},"end":{"line":48,"column":45}},"22":{"start":{"line":50,"column":16},"end":{"line":50,"column":29}},"23":{"start":{"line":53,"column":12},"end":{"line":55,"column":13}},"24":{"start":{"line":54,"column":16},"end":{"line":54,"column":66}},"25":{"start":{"line":57,"column":12},"end":{"line":62,"column":13}},"26":{"start":{"line":58,"column":16},"end":{"line":58,"column":44}},"27":{"start":{"line":59,"column":16},"end":{"line":59,"column":40}},"28":{"start":{"line":61,"column":16},"end":{"line":61,"column":29}},"29":{"start":{"line":66,"column":12},"end":{"line":66,"column":28}},"30":{"start":{"line":68,"column":12},"end":{"line":71,"column":15}},"31":{"start":{"line":73,"column":12},"end":{"line":73,"column":41}},"32":{"start":{"line":74,"column":12},"end":{"line":74,"column":51}},"33":{"start":{"line":75,"column":12},"end":{"line":75,"column":32}},"34":{"start":{"line":76,"column":12},"end":{"line":76,"column":34}},"35":{"start":{"line":77,"column":12},"end":{"line":77,"column":37}},"36":{"start":{"line":78,"column":12},"end":{"line":78,"column":27}},"37":{"start":{"line":82,"column":12},"end":{"line":82,"column":28}},"38":{"start":{"line":83,"column":12},"end":{"line":83,"column":68}},"39":{"start":{"line":83,"column":53},"end":{"line":83,"column":66}},"40":{"start":{"line":84,"column":12},"end":{"line":84,"column":29}},"41":{"start":{"line":85,"column":12},"end":{"line":85,"column":30}},"42":{"start":{"line":86,"column":12},"end":{"line":86,"column":52}},"43":{"start":{"line":87,"column":12},"end":{"line":87,"column":54}},"44":{"start":{"line":88,"column":12},"end":{"line":88,"column":29}},"45":{"start":{"line":89,"column":12},"end":{"line":89,"column":58}},"46":{"start":{"line":90,"column":12},"end":{"line":90,"column":63}},"47":{"start":{"line":91,"column":12},"end":{"line":91,"column":40}},"48":{"start":{"line":92,"column":12},"end":{"line":92,"column":30}},"49":{"start":{"line":93,"column":12},"end":{"line":93,"column":31}},"50":{"start":{"line":94,"column":12},"end":{"line":94,"column":33}},"51":{"start":{"line":95,"column":12},"end":{"line":95,"column":32}},"52":{"start":{"line":96,"column":12},"end":{"line":96,"column":29}},"53":{"start":{"line":100,"column":12},"end":{"line":100,"column":28}},"54":{"start":{"line":101,"column":12},"end":{"line":101,"column":31}},"55":{"start":{"line":102,"column":12},"end":{"line":102,"column":32}},"56":{"start":{"line":103,"column":12},"end":{"line":103,"column":33}},"57":{"start":{"line":104,"column":12},"end":{"line":104,"column":34}},"58":{"start":{"line":105,"column":12},"end":{"line":105,"column":28}},"59":{"start":{"line":106,"column":12},"end":{"line":106,"column":30}},"60":{"start":{"line":107,"column":12},"end":{"line":107,"column":31}},"61":{"start":{"line":108,"column":12},"end":{"line":108,"column":29}},"62":{"start":{"line":110,"column":12},"end":{"line":112,"column":13}},"63":{"start":{"line":111,"column":16},"end":{"line":111,"column":67}},"64":{"start":{"line":113,"column":12},"end":{"line":115,"column":13}},"65":{"start":{"line":114,"column":16},"end":{"line":114,"column":45}},"66":{"start":{"line":116,"column":12},"end":{"line":116,"column":24}},"67":{"start":{"line":118,"column":12},"end":{"line":118,"column":68}},"68":{"start":{"line":120,"column":12},"end":{"line":124,"column":13}},"69":{"start":{"line":121,"column":16},"end":{"line":121,"column":39}},"70":{"start":{"line":123,"column":16},"end":{"line":123,"column":45}},"71":{"start":{"line":125,"column":12},"end":{"line":125,"column":35}},"72":{"start":{"line":126,"column":12},"end":{"line":126,"column":34}},"73":{"start":{"line":127,"column":12},"end":{"line":129,"column":13}},"74":{"start":{"line":128,"column":16},"end":{"line":128,"column":65}},"75":{"start":{"line":133,"column":12},"end":{"line":133,"column":28}},"76":{"start":{"line":135,"column":12},"end":{"line":137,"column":13}},"77":{"start":{"line":136,"column":16},"end":{"line":136,"column":32}},"78":{"start":{"line":138,"column":12},"end":{"line":140,"column":13}},"79":{"start":{"line":139,"column":16},"end":{"line":139,"column":34}},"80":{"start":{"line":141,"column":12},"end":{"line":141,"column":34}},"81":{"start":{"line":143,"column":12},"end":{"line":145,"column":13}},"82":{"start":{"line":144,"column":16},"end":{"line":144,"column":67}},"83":{"start":{"line":149,"column":12},"end":{"line":149,"column":28}},"84":{"start":{"line":150,"column":12},"end":{"line":152,"column":13}},"85":{"start":{"line":151,"column":16},"end":{"line":151,"column":68}},"86":{"start":{"line":153,"column":12},"end":{"line":153,"column":35}},"87":{"start":{"line":154,"column":12},"end":{"line":154,"column":31}},"88":{"start":{"line":155,"column":12},"end":{"line":155,"column":32}},"89":{"start":{"line":156,"column":12},"end":{"line":156,"column":34}},"90":{"start":{"line":157,"column":12},"end":{"line":157,"column":34}},"91":{"start":{"line":158,"column":12},"end":{"line":158,"column":34}},"92":{"start":{"line":159,"column":12},"end":{"line":161,"column":13}},"93":{"start":{"line":160,"column":16},"end":{"line":160,"column":67}},"94":{"start":{"line":165,"column":12},"end":{"line":165,"column":28}},"95":{"start":{"line":166,"column":12},"end":{"line":168,"column":18}},"96":{"start":{"line":167,"column":16},"end":{"line":167,"column":34}},"97":{"start":{"line":172,"column":12},"end":{"line":172,"column":28}},"98":{"start":{"line":174,"column":12},"end":{"line":180,"column":13}},"99":{"start":{"line":175,"column":16},"end":{"line":175,"column":45}},"100":{"start":{"line":176,"column":16},"end":{"line":176,"column":60}},"101":{"start":{"line":177,"column":16},"end":{"line":177,"column":56}},"102":{"start":{"line":179,"column":16},"end":{"line":179,"column":29}},"103":{"start":{"line":181,"column":12},"end":{"line":187,"column":20}},"104":{"start":{"line":182,"colu
[...]
      base.jumpTo(item);","            });","        },","","        stopOnHover : function () {","            var base = this;","            if (base.options.stopOnHover === true && base.browser.isTouch !== true && base.options.autoPlay !== false) {","                base.$elem.on(\"mouseover\", function () {","                    base.stop();","                });","                base.$elem.on(\"mouseout\", function () {","                    if (base.hoverStatus !== \"stop\") {","                        base.play();","                    }","                });","            }","        },","","        lazyLoad : function () {","            var base = this,","                i,","                $item,","                itemNumber,","                $lazyImg,","                follow;","","            if (base.options.lazyLoad === false) {","                return false;","            }","            for (i = 0; i < base.itemsAmount; i += 1) {","                $item = $(base.$owlItems[i]);","","                if ($item.data(\"owl-loaded\") === \"loaded\") {","                    continue;","                }","","                itemNumber = $item.data(\"owl-item\");","                $lazyImg = $item.find(\".lazyOwl\");","","                if (typeof $lazyImg.data(\"src\") !== \"string\") {","                    $item.data(\"owl-loaded\", \"loaded\");","                    continue;","                }","                if ($item.data(\"owl-loaded\") === undefined) {","                    $lazyImg.hide();","                    $item.addClass(\"loading\").data(\"owl-loaded\", \"checked\");","                }","                if (base.options.lazyFollow === true) {","                    follow = itemNumber >= base.currentItem;","                } else {","                    follow = true;","                }","                if (follow && itemNumber < base.currentItem + base.options.items && $lazyImg.length) {","                    $lazyImg.each(function() {","                        base.lazyPreload($item, $(this));","                    });","                }","            }","        },","","        lazyPreload : function ($item, $lazyImg) {","            var base = this,","                iterations = 0,","                isBackgroundImg;","","            if ($lazyImg.prop(\"tagName\") === \"DIV\") {","                $lazyImg.css(\"background-image\", \"url(\" + $lazyImg.data(\"src\") + \")\");","                isBackgroundImg = true;","            } else {","                $lazyImg[0].src = $lazyImg.data(\"src\");","            }","","            function showImage() {","                $item.data(\"owl-loaded\", \"loaded\").removeClass(\"loading\");","                $lazyImg.removeAttr(\"data-src\");","                if (base.options.lazyEffect === \"fade\") {","                    $lazyImg.fadeIn(400);","                } else {","                    $lazyImg.show();","                }","                if (typeof base.options.afterLazyLoad === \"function\") {","                    base.options.afterLazyLoad.apply(this, [base.$elem]);","                }","            }","","            function checkLazyImage() {","                iterations += 1;","                if (base.completeImg($lazyImg.get(0)) || isBackgroundImg === true) {","                    showImage();","                } else if (iterations <= 100) {//if image loads in less than 10 seconds ","                    window.setTimeout(checkLazyImage, 100);","                } else {","                    showImage();","                }","            }","","            checkLazyImage();","        },","","        autoHeight : function () {","            var base = this,","                $currentimg = $(base.$owlItems[base.currentItem]).find(\"img\"),","                iterations;","","            function addHeight() {","                var $currentItem = $(base.$owlItems[base.currentItem]).height();","                base.wrapperOuter.css(\"height\", $currentItem + \"px\");","                if (!base.wrapperOuter.hasClass(\"autoHeight\")) {","                    window.setTimeout(function () {","                        base.wrapperOuter.addClass(\"autoHeight\");","                    }, 0);","                }","            }","","            function checkImage() {","                iterations += 1;","                if (base.completeImg($currentimg.get(0))) {","                    addHeight();","                } else if (iterations <= 100) { //if image loads in less than 10 seconds ","                    window.setTimeout(checkImage, 100);","                } else {","                    base.wrapperOuter.css(\"height\", \"\"); //Else remove height attribute","                }","            }","","            if ($currentimg.get(0) !== undefined) {","                iterations = 0;","                checkImage();","            } else {","                addHeight();","            }","        },","","        completeImg : function (img) {","            var naturalWidthType;","","            if (!img.complete) {","                return false;","            }","            naturalWidthType = typeof img.naturalWidth;","            if (naturalWidthType !== \"undefined\" && img.naturalWidth === 0) {","                return false;","            }","            return true;","        },","","        onVisibleItems : function () {","            var base = this,","                i;","","            if (base.options.addClassActive === true) {","                base.$owlItems.removeClass(\"active\");","            }","            base.visibleItems = [];","            for (i = base.currentItem; i < base.currentItem + base.options.items; i += 1) {","                base.visibleItems.push(i);","","                if (base.options.addClassActive === true) {","                    $(base.$owlItems[i]).addClass(\"active\");","                }","            }","            base.owl.visibleItems = base.visibleItems;","        },","","        transitionTypes : function (className) {","            var base = this;","            //Currently available: \"fade\", \"backSlide\", \"goDown\", \"fadeUp\"","            base.outClass = \"owl-\" + className + \"-out\";","            base.inClass = \"owl-\" + className + \"-in\";","        },","","        singleItemTransition : function () {","            var base = this,","                outClass = base.outClass,","                inClass = base.inClass,","                $currentItem = base.$owlItems.eq(base.currentItem),","                $prevItem = base.$owlItems.eq(base.prevItem),","                prevPos = Math.abs(base.positionsInArray[base.currentItem]) + base.positionsInArray[base.prevItem],","                origin = Math.abs(base.positionsInArray[base.currentItem]) + base.itemWidth / 2,","                animEnd = 'webkitAnimationEnd oAnimationEnd MSAnimationEnd animationend';","","            base.isTransition = true;","","            base.$owlWrapper","                .addClass('owl-origin')","                .css({","                    \"-webkit-transform-origin\" : origin + \"px\",","                    \"-moz-perspective-origin\" : origin + \"px\",","                    \"perspective-origin\" : origin + \"px\"","                });","            function transStyles(prevPos) {","                return {","                    \"position\" : \"relative\",","                    \"left\" : prevPos + \"px\"","                };","            }","","            $prevItem","                .css(transStyles(prevPos, 10))","                .addClass(outClass)","                .on(animEnd, function () {","                    base.endPrev = true;","                    $prevItem.off(animEnd);","                    base.clearTransStyle($prevItem, outClass);","                });","","            $currentItem","                .addClass(inClass)","                .on(animEnd, function () {","                    base.endCurrent = true;","                    $currentItem.off(animEnd);","                    base.clearTransStyle($currentItem, inClass);","                });","        },","","        clearTransStyle : function (item, classToRemove) {","            var base = this;","            item.css({","                \"position\" : \"\",","                \"left\" : \"\"","            }).removeClass(classToRemove);","","            if (base.endPrev && base.endCurrent) {","                base.$owlWrapper.removeClass('owl-origin');","                base.endPrev = false;","                base.endCurrent = false;","                base.isTransition = false;","            }","        },","","        owlStatus : function () {","            var base = this;","            base.owl = {","                \"userOptions\"   : base.userOptions,","                \"baseElement\"   : base.$elem,","                \"userItems\"     : base.$userItems,","                \"owlItems\"      : base.$owlItems,","                \"currentItem\"   : base.currentItem,","                \"prevItem\"      : base.prevItem,","                \"visibleItems\"  : base.visibleItems,","                \"isTouch\"       : base.browser.isTouch,","                \"browser\"       : base.browser,","                \"dragDirection\" : base.dragDirection","            };","        },","","        clearEvents : function () {","            var base = this;","            base.$elem.off(\".owl owl mousedown.disableTextSelect\");","            $(document).off(\".owl owl\");","            $(window).off(\"resize\", base.resizer);","        },","","        unWrap : function () {","            var base = this;","            if (base.$elem.children().length !== 0) {","                base.$owlWrapper.unwrap();","                base.$userItems.unwrap().unwrap();","                if (base.owlControls) {","                    base.owlControls.remove();","                }","            }","            base.clearEvents();","            base.$elem.attr({","                style: base.$elem.data(\"owl-originalStyles\") || \"\",","                class: base.$elem.data(\"owl-originalClasses\")","            });","        },","","        destroy : function () {","            var base = this;","            base.stop();","            window.clearInterval(base.checkVisible);","            base.unWrap();","            base.$elem.removeData();","        },","","        reinit : function (newOptions) {","            var base = this,","                options = $.extend({}, base.userOptions, newOptions);","            base.unWrap();","            base.init(options, base.$elem);","        },","","        addItem : function (htmlString, targetPosition) {","            var base = this,","                position;","","            if (!htmlString) {return false; }","","            if (base.$elem.children().length === 0) {","                base.$elem.append(htmlString);","                base.setVars();","                return false;","            }","            base.unWrap();","            if (targetPosition === undefined || targetPosition === -1) {","                position = -1;","            } else {","                position = targetPosition;","            }","            if (position >= base.$userItems.length || position === -1) {","                base.$userItems.eq(-1).after(htmlString);","            } else {","                base.$userItems.eq(position).before(htmlString);","            }","","            base.setVars();","        },","","        removeItem : function (targetPosition) {","            var base = this,","                position;","","            if (base.$elem.children().length === 0) {","                return false;","            }","            if (targetPosition === undefined || targetPosition === -1) {","                position = -1;","            } else {","                position = targetPosition;","            }","","            base.unWrap();","            base.$userItems.eq(position).remove();","            base.setVars();","        }","","    };","","    $.fn.owlCarousel = function (options) {","        return this.each(function () {","            if ($(this).data(\"owl-init\") === true) {","                return false;","            }","            $(this).data(\"owl-init\", true);","            var carousel = Object.create(Carousel);","            carousel.init(options, this);","            $.data(this, \"owlCarousel\", carousel);","        });","    };","","    $.fn.owlCarousel.options = {","","        items : 5,","        itemsCustom : false,","        itemsDesktop : [1199, 4],","        itemsDesktopSmall : [979, 3],","        itemsTablet : [768, 2],","        itemsTabletSmall : false,","        itemsMobile : [479, 1],","        singleItem : false,","        itemsScaleUp : false,","","        slideSpeed : 200,","        paginationSpeed : 800,","        rewindSpeed : 1000,","","        autoPlay : false,","        stopOnHover : false,","","        navigation : false,","        navigationText : [\"prev\", \"next\"],","        rewindNav : true,","        scrollPerPage : false,","","        pagination : true,","        paginationNumbers : false,","","        responsive : true,","        responsiveRefreshRate : 200,","        responsiveBaseWidth : window,","","        baseClass : \"owl-carousel\",","        theme : \"owl-theme\",","","        lazyLoad : false,","        lazyFollow : true,","        lazyEffect : \"fade\",","","        autoHeight : false,","","        jsonPath : false,","        jsonSuccess : false,","","        dragBeforeAnimFinish : true,","        mouseDrag : true,","        touchDrag : true,","","        addClassActive : false,","        transitionStyle : false,","","        beforeUpdate : false,","        afterUpdate : false,","        beforeInit : false,","        afterInit : false,","        beforeMove : false,","        afterMove : false,","        afterAction : false,","        startDragging : false,","        afterLazyLoad: false","    };","}(jQuery, window, document));",""],"l":{"15":2,"16":0,"17":1,"18":0,"19":0,"22":2,"24":0,"26":0,"28":0,"29":0,"31":0,"32":0,"36":0,"38":1,"39":0,"40":0,"41":0,"43":0,"44":0,"45":0,"48":0,"50":0,"53":0,"54":0,"57":0,"58":0,"59":0,"61":0,"66":0,"68":0,"73":0,"74":0,"75":0,"76":0,"77":0,"78":0,"82":0,"83":0,"84":0,"85":0,"86":0,"87":0,"88":0,"89":0,"90":0,"91":0,"92":0,"93":0,"94":0,"95":0,"96":0,"100":0,"101":0,"102":0,"103":0,"104":0,"105":0,"106":0,"107":0,"108":0,"110":0,"111":0,"113":0,"114":0,"116":0,"118":0,"120":0,"121":0,"123":0,"125":0,"126":0,"127":0,"128":0,"133":0,"135":0,"136":0,"138":0,"139":0,"141":0,"143":0,"144":0,"149":0,"150":0,"151":0,"153":0,"154":0,"155":0,"156":0,"157":0,"158":0,"159":0,"160":0,"165":0,"166":0,"167":0,"172":0,"174":0,"175":0,"176":0,"177":0,"179":0,"181":0,"182":0,"183":0,"184":0,"185":0,"191":0,"192":0,"193":0,"194":0,"195":0,"199":0,"203":0,"204":0,"207":0,"208":0,"213":0,"215":0,"216":0,"218":0,"219":0,"220":0,"221":0,"222":0,"223":0,"224":0,"225":0,"226":0,"229":0,"231":0,"232":0,"234":0,"236":0,"238":0,"239":0,"240":0,"246":0,"247":0,"250":0,"251":0,"254":0,"255":0,"258":0,"259":0,"262":0,"263":0,"268":0,"269":0,"274":0,"278":0,"279":0,"281":0,"283":0,"284":0,"285":0,"286":0,"288":0,"289":0,"290":0,"291":0,"295":0,"299":0,"300":0,"301":0,"302":0,"307":0,"311":0,"312":0,"313":0,"317":0,"318":0,"319":0,"322":0,"327":0,"330":0,"334":0,"338":0,"339":0,"340":0,"341":0,"342":0,"346":0,"347":0,"351":0,"353":0,"354":0,"355":0,"356":0,"358":0,"359":0,"361":0,"365":0,"369":0,"376":0,"377":0,"379":0,"380":0,"381":0,"383":0,"384":0,"385":0,"386":0,"387":0,"388":0,"395":0,"396":0,"397":0,"399":0,"400":0,"402":0,"403":0,"408":0,"410":0,"412":0,"417":0,"422":0,"426":0,"427":0,"430":0,"431":0,"432":0,"433":0,"435":0,"441":0,"443":0,"444":0,"446":0,"447":0,"448":0,"449":0,"455":0,"463":0,"464":0,"467":0,"469":0,"470":0,"472":0,"473":0,"474":0,"475":0,"476":0,"478":0,"481":0,"485":0,"487":0,"488":0,"490":0,"493":0,"496":0,"497":0,"498":0,"500":0,"501":0,"502":0,"505":0,"511":0,"513":0,"514":0,"516":0,"517":0,"518":0,"519":0,"520":0,"521":0,"522":0,"523":0,"524":0,"525":0,"526":0,"527":0,"528":0,"534":0,"535":0,"536":0,"537":0,"538":0,"539":0,"541":0,"547":0,"548":0,"549":0,"554":0,"556":0,"557":0,"560":0,"561":0,"562":0,"563":0,"564":0,"566":0,"567":0,"570":0,"574":0,"576":0,"577":0,"580":0,"581":0,"583":0,"585":0,"586":0,"587":0,"588":0,"590":0,"591":0,"594":0,"598":0,"601":0,"602":0,"604":0,"605":0,"607":0,"608":0,"609":0,"610":0,"613":0,"614":0,"615":0,"616":0,"617":0,"619":0,"621":0,"622":0,"623":0,"625":0,"627":0,"628":0,"630":0,"631":0,"632":0,"633":0,"636":0,"637":0,"638":0,"639":0,"643":0,"644":0,"645":0,"648":0,"650":0,"651":0,"652":0,"653":0,"655":0,"658":0,"662":0,"663":0,"664":0,"666":0,"667":0,"668":0,"669":0,"671":0,"672":0,"673":0,"675":0,"677":0,"678":0,"682":0,"684":0,"685":0,"686":0,"688":0,"689":0,"690":0,"691":0,"693":0,"694":0,"697":0,"698":0,"703":0,"704":0,"705":0,"709":0,"710":0,"711":0,"716":0,"717":0,"718":0,"719":0,"721":0,"722":0,"723":0,"728":0,"729":0,"730":0,"731":0,"732":0,"733":0,"734":0,"739":0,"748":0,"757":0,"767":0,"768":0,"772":0,"773":0,"777":0,"779":0,"780":0,"785":0,"791":0,"799":0,"804":0,"805":0,"806":0,"808":0,"810":0,"817":0,"818":0,"819":0,"820":0,"825":0,"828":0,"830":0,"831":0,"836":0,"837":0,"842":0,"843":0,"850":0,"851":0,"852":0,"856":0,"857":0,"858":0,"859":0,"865":0,"879":0,"881":1,"882":0,"883":0,"889":0,"890":0,"891":0,"896":0,"897":0,"905":1,"906":0,"907":0,"908":0,"909":0,"910":0,"911":0,"915":1,"916":0,"919":0,"920":0,"922":0,"923":0,"925":0,"926":0,"928":0,"929":0,"932":0,"933":0,"936":0,"937":0,"940":0,"941":0,"943":0,"945":0,"946":0,"948":0,"949":0,"951":0,"953":0,"954":0,"957":1,"958":0,"962":0,"963":0,"964":0,"966":0,"967":0,"968":0,"971":0,"972":0,"973":0,"975":0,"977":0,"980":0,"981":0,"984":0,"985":0,"988":0,"989":0,"992":0,"993":0,"994":0,"996":0,"1000":1,"1001":0,"1006":0,"1008":0,"1010":0,"1011":0,"1014":0,"1015":0,"1017":0,"1020":0,"1021":0,"1022":0,"1023":0,"1024":0,"1025":0,"1026":0,"1027":0,"1028":0,"1030":0,"1031":0,"1032":0,"1035":0,"1037":0,"1041":0,"1044":0,"1045":0,"1046":0,"1047":0,"1048":0,"1049":0,"1051":0,"1054":0,"1059":0,"1060":0,"1061":0,"1062":0,"1063":0,"1065":0,"1067":0,"1068":0,"1069":0,"1070":0,"1072":0,"1073":0,"1077":0,"1081":0,"1083":0,"1084":0,"1085":0,"1087":0,"1088":0,"1090":0,"1095":0,"1096":0,"1097":0,"1099":0,"1100":0,"1102":0,"1103":0,"1104":0,"1105":0,"1107":0,"1108":0,"1109":0,"1111":0,"1112":0,"1114":0,"1115":0,"1120":0,"1121":0,"1122":0,"1123":0,"1125":0,"1126":0,"1127":0,"1134":0,"1141":0,"1142":0,"1144":0,"1145":0,"1147":0,"1148":0,"1151":0,"1152":0,"1154":0,"1155":0,"1156":0,"1158":0,"1159":0,"1160":0,"1162":0,"1163":0,"1165":0,"1167":0,"1168":0,"1169":0,"1176":0,"1180":0,"1181":0,"1182":0,"1184":0,"1187":1,"1188":0,"1189":0,"1190":0,"1191":0,"1193":0,"1195":0,"1196":0,"1200":1,"1201":0,"1202":0,"1203":0,"1204":0,"1205":0,"1207":0,"1211":0,"1215":0,"1219":1,"1220":0,"1221":0,"1222":0,"1223":0,"1224":0,"1229":1,"1230":0,"1231":0,"1232":0,"1233":0,"1234":0,"1236":0,"1240":0,"1241":0,"1242":0,"1244":0,"1249":0,"1251":0,"1252":0,"1254":0,"1255":0,"1256":0,"1258":0,"1262":0,"1265":0,"1266":0,"1268":0,"1269":0,"1270":0,"1272":0,"1273":0,"1276":0,"1280":0,"1282":0,"1283":0,"1287":0,"1296":0,"1298":0,"1305":1,"1306":0,"1312":0,"1316":0,"1317":0,"1318":0,"1321":0,"1324":0,"1325":0,"1326":0,"1331":0,"1332":0,"1337":0,"1338":0,"1339":0,"1340":0,"1341":0,"1346":0,"1347":0,"1362":0,"1363":0,"1364":0,"1365":0,"1369":0,"1370":0,"1371":0,"1372":0,"1373":0,"1374":0,"1377":0,"1378":0,"1385":0,"1386":0,"1387":0,"1388":0,"1389":0,"1393":0,"1395":0,"1396":0,"1400":0,"1403":0,"1405":0,"1406":0,"1407":0,"1408":0,"1410":0,"1411":0,"1412":0,"1414":0,"1416":0,"1417":0,"1419":0,"1422":0,"1426":0,"1429":0,"1430":0,"1432":0,"1433":0,"1435":0,"1438":0,"1439":0,"1440":0,"1445":0,"1446":0,"1447":0,"1448":0,"1450":0,"1451":0,"1452":0,"1453":0,"1457":0}}}